2024-08-19 13:00:43,970 Worker rq:worker:c894ed6eb9dd4ae89fa1c35760441626 started with PID 34638, version 1.16.2
2024-08-19 13:00:43,970 Subscribing to channel rq:pubsub:c894ed6eb9dd4ae89fa1c35760441626
2024-08-19 13:00:43,972 *** Listening on home-karthik-work-frappe-bench1:short, home-karthik-work-frappe-bench1:default, home-karthik-work-frappe-bench1:long...
2024-08-19 13:00:43,972 Cleaning registries for queue: home-karthik-work-frappe-bench1:short
2024-08-19 13:00:43,974 Cleaning registries for queue: home-karthik-work-frappe-bench1:default
2024-08-19 13:00:43,975 Cleaning registries for queue: home-karthik-work-frappe-bench1:long
2024-08-19 13:00:53,643 Worker c894ed6eb9dd4ae89fa1c35760441626 [PID 34638]: warm shut down requested
2024-08-19 13:00:53,644 Unsubscribing from channel rq:pubsub:c894ed6eb9dd4ae89fa1c35760441626
2024-08-19 13:02:04,227 Worker rq:worker:1a113c44d9504d62a9eae71bf92bbc77 started with PID 34774, version 1.16.2
2024-08-19 13:02:04,227 Subscribing to channel rq:pubsub:1a113c44d9504d62a9eae71bf92bbc77
2024-08-19 13:02:04,229 *** Listening on home-karthik-work-frappe-bench1:short, home-karthik-work-frappe-bench1:default, home-karthik-work-frappe-bench1:long...
2024-08-19 13:02:04,229 Cleaning registries for queue: home-karthik-work-frappe-bench1:short
2024-08-19 13:02:04,230 Cleaning registries for queue: home-karthik-work-frappe-bench1:default
2024-08-19 13:02:04,231 Cleaning registries for queue: home-karthik-work-frappe-bench1:long
2024-08-19 13:02:54,666 home-karthik-work-frappe-bench1:default: frappe.utils.background_jobs.execute_job(event=None, is_async=True, job_name='frappe.core.doctype.user.user.create_contact', kwargs={'user': <User: polisettykarthik3@gmail.com>, 'ignore_mandatory': True}, method='frappe.core.doctype.user.user.create_contact', site='finse.localhost', user='Administrator') (finse.localhost::9316092a-e889-4f6b-88a9-7317b27f6b14)
2024-08-19 13:02:56,938 home-karthik-work-frappe-bench1:default: Job OK (finse.localhost::9316092a-e889-4f6b-88a9-7317b27f6b14)
2024-08-19 13:02:56,939 Result is kept for 600 seconds
2024-08-19 13:02:56,951 home-karthik-work-frappe-bench1:default: frappe.utils.background_jobs.execute_job(event=None, is_async=True, job_name='frappe.core.doctype.user.user.update_gravatar', kwargs={'name': 'polisettykarthik3@gmail.com'}, method='frappe.core.doctype.user.user.update_gravatar', site='finse.localhost', user='Administrator') (finse.localhost::6dfc0a6d-8b21-4366-88e2-6ef6268563a7)
2024-08-19 13:02:57,892 home-karthik-work-frappe-bench1:default: Job OK (finse.localhost::6dfc0a6d-8b21-4366-88e2-6ef6268563a7)
2024-08-19 13:02:57,892 Result is kept for 600 seconds
2024-08-19 13:03:50,471 Worker 1a113c44d9504d62a9eae71bf92bbc77 [PID 34774]: warm shut down requested
2024-08-19 13:03:50,479 Unsubscribing from channel rq:pubsub:1a113c44d9504d62a9eae71bf92bbc77
2024-08-19 13:05:17,342 Worker rq:worker:914abe846398401e825ceb499231de55 started with PID 35350, version 1.16.2
2024-08-19 13:05:17,342 Subscribing to channel rq:pubsub:914abe846398401e825ceb499231de55
2024-08-19 13:05:17,343 *** Listening on home-karthik-work-frappe-bench1:short, home-karthik-work-frappe-bench1:default, home-karthik-work-frappe-bench1:long...
2024-08-19 13:05:17,343 Cleaning registries for queue: home-karthik-work-frappe-bench1:short
2024-08-19 13:05:17,344 Cleaning registries for queue: home-karthik-work-frappe-bench1:default
2024-08-19 13:05:17,345 Cleaning registries for queue: home-karthik-work-frappe-bench1:long
2024-08-19 13:06:01,047 home-karthik-work-frappe-bench1:default: frappe.utils.background_jobs.execute_job(event=None, is_async=True, job_name='frappe.core.doctype.scheduled_job_type.scheduled_job_type.run_scheduled_jo..., kwargs={'job_type': 'frappe.monitor.flush', 'scheduled_job_type': 'r470s1snmm'}, method='frappe.core.doctype.scheduled_job_type.scheduled_job_type.run_scheduled_jo..., site='finse.localhost', user='Administrator') (finse.localhost::scheduled_job::r470s1snmm)
2024-08-19 13:06:01,330 home-karthik-work-frappe-bench1:default: Job OK (finse.localhost::scheduled_job::r470s1snmm)
2024-08-19 13:06:01,330 Result is kept for 600 seconds
2024-08-19 13:06:01,338 home-karthik-work-frappe-bench1:default: frappe.utils.background_jobs.execute_job(event=None, is_async=True, job_name='frappe.core.doctype.scheduled_job_type.scheduled_job_type.run_scheduled_jo..., kwargs={'job_type': 'frappe.email.queue.flush', 'scheduled_job_type': 'r4705i74gs'..., method='frappe.core.doctype.scheduled_job_type.scheduled_job_type.run_scheduled_jo..., site='finse.localhost', user='Administrator') (finse.localhost::scheduled_job::r4705i74gs)
2024-08-19 13:06:01,675 home-karthik-work-frappe-bench1:default: Job OK (finse.localhost::scheduled_job::r4705i74gs)
2024-08-19 13:06:01,675 Result is kept for 600 seconds
2024-08-19 13:06:01,685 home-karthik-work-frappe-bench1:default: frappe.utils.background_jobs.execute_job(event=None, is_async=True, job_name='frappe.core.doctype.scheduled_job_type.scheduled_job_type.run_scheduled_jo..., kwargs={'job_type': 'frappe.automation.doctype.reminder.reminder.send_reminders', ..., method='frappe.core.doctype.scheduled_job_type.scheduled_job_type.run_scheduled_jo..., site='finse.localhost', user='Administrator') (finse.localhost::scheduled_job::r470v6b642)
2024-08-19 13:06:01,958 home-karthik-work-frappe-bench1:default: Job OK (finse.localhost::scheduled_job::r470v6b642)
2024-08-19 13:06:01,958 Result is kept for 600 seconds
2024-08-19 13:10:00,111 home-karthik-work-frappe-bench1:default: frappe.utils.background_jobs.execute_job(event=None, is_async=True, job_name='frappe.core.doctype.scheduled_job_type.scheduled_job_type.run_scheduled_jo..., kwargs={'job_type': 'frappe.email.queue.flush', 'scheduled_job_type': 'r4705i74gs'..., method='frappe.core.doctype.scheduled_job_type.scheduled_job_type.run_scheduled_jo..., site='finse.localhost', user='Administrator') (finse.localhost::scheduled_job::r4705i74gs)
2024-08-19 13:10:00,426 home-karthik-work-frappe-bench1:default: Job OK (finse.localhost::scheduled_job::r4705i74gs)
2024-08-19 13:10:00,426 Result is kept for 600 seconds
2024-08-19 13:10:00,434 home-karthik-work-frappe-bench1:default: frappe.utils.background_jobs.execute_job(event=None, is_async=True, job_name='frappe.core.doctype.scheduled_job_type.scheduled_job_type.run_scheduled_jo..., kwargs={'job_type': 'frappe.email.doctype.email_account.email_account.pull', 'sche..., method='frappe.core.doctype.scheduled_job_type.scheduled_job_type.run_scheduled_jo..., site='finse.localhost', user='Administrator') (finse.localhost::scheduled_job::r470rn383n)
2024-08-19 13:10:00,695 home-karthik-work-frappe-bench1:default: Job OK (finse.localhost::scheduled_job::r470rn383n)
2024-08-19 13:10:00,696 Result is kept for 600 seconds
2024-08-19 13:10:00,703 home-karthik-work-frappe-bench1:default: frappe.utils.background_jobs.execute_job(event=None, is_async=True, job_name='frappe.core.doctype.scheduled_job_type.scheduled_job_type.run_scheduled_jo..., kwargs={'job_type': 'frappe.monitor.flush', 'scheduled_job_type': 'r470s1snmm'}, method='frappe.core.doctype.scheduled_job_type.scheduled_job_type.run_scheduled_jo..., site='finse.localhost', user='Administrator') (finse.localhost::scheduled_job::r470s1snmm)
2024-08-19 13:10:00,940 home-karthik-work-frappe-bench1:default: Job OK (finse.localhost::scheduled_job::r470s1snmm)
2024-08-19 13:10:00,941 Result is kept for 600 seconds
2024-08-19 13:10:00,948 home-karthik-work-frappe-bench1:default: frappe.utils.background_jobs.execute_job(event=None, is_async=True, job_name='frappe.core.doctype.scheduled_job_type.scheduled_job_type.run_scheduled_jo..., kwargs={'job_type': 'frappe.automation.doctype.reminder.reminder.send_reminders', ..., method='frappe.core.doctype.scheduled_job_type.scheduled_job_type.run_scheduled_jo..., site='finse.localhost', user='Administrator') (finse.localhost::scheduled_job::r470v6b642)
2024-08-19 13:10:01,187 home-karthik-work-frappe-bench1:default: Job OK (finse.localhost::scheduled_job::r470v6b642)
2024-08-19 13:10:01,187 Result is kept for 600 seconds
2024-08-19 13:10:54,422 Worker 914abe846398401e825ceb499231de55 [PID 35350]: warm shut down requested
2024-08-19 13:10:54,424 Unsubscribing from channel rq:pubsub:914abe846398401e825ceb499231de55
2024-08-19 13:11:35,475 Worker rq:worker:d46d4f37307f47b49206d2319e56f689 started with PID 36048, version 1.16.2
2024-08-19 13:11:35,475 Subscribing to channel rq:pubsub:d46d4f37307f47b49206d2319e56f689
2024-08-19 13:11:35,476 *** Listening on home-karthik-work-frappe-bench1:short, home-karthik-work-frappe-bench1:default, home-karthik-work-frappe-bench1:long...
2024-08-19 13:11:35,476 Cleaning registries for queue: home-karthik-work-frappe-bench1:short
2024-08-19 13:11:35,477 Cleaning registries for queue: home-karthik-work-frappe-bench1:default
2024-08-19 13:11:35,477 Cleaning registries for queue: home-karthik-work-frappe-bench1:long
2024-08-19 13:14:01,170 home-karthik-work-frappe-bench1:default: frappe.utils.background_jobs.execute_job(event=None, is_async=True, job_name='frappe.core.doctype.scheduled_job_type.scheduled_job_type.run_scheduled_jo..., kwargs={'job_type': 'frappe.email.queue.flush', 'scheduled_job_type': 'r4705i74gs'..., method='frappe.core.doctype.scheduled_job_type.scheduled_job_type.run_scheduled_jo..., site='finse.localhost', user='Administrator') (finse.localhost::scheduled_job::r4705i74gs)
2024-08-19 13:14:01,461 home-karthik-work-frappe-bench1:default: Job OK (finse.localhost::scheduled_job::r4705i74gs)
2024-08-19 13:14:01,461 Result is kept for 600 seconds
2024-08-19 13:14:01,470 home-karthik-work-frappe-bench1:default: frappe.utils.background_jobs.execute_job(event=None, is_async=True, job_name='frappe.core.doctype.scheduled_job_type.scheduled_job_type.run_scheduled_jo..., kwargs={'job_type': 'frappe.automation.doctype.reminder.reminder.send_reminders', ..., method='frappe.core.doctype.scheduled_job_type.scheduled_job_type.run_scheduled_jo..., site='finse.localhost', user='Administrator') (finse.localhost::scheduled_job::r470v6b642)
2024-08-19 13:14:01,718 home-karthik-work-frappe-bench1:default: Job OK (finse.localhost::scheduled_job::r470v6b642)
2024-08-19 13:14:01,718 Result is kept for 600 seconds
2024-08-19 13:14:01,726 home-karthik-work-frappe-bench1:default: frappe.utils.background_jobs.execute_job(event=None, is_async=True, job_name='frappe.core.doctype.scheduled_job_type.scheduled_job_type.run_scheduled_jo..., kwargs={'job_type': 'frappe.monitor.flush', 'scheduled_job_type': 'r470s1snmm'}, method='frappe.core.doctype.scheduled_job_type.scheduled_job_type.run_scheduled_jo..., site='finse.localhost', user='Administrator') (finse.localhost::scheduled_job::r470s1snmm)
2024-08-19 13:14:01,964 home-karthik-work-frappe-bench1:default: Job OK (finse.localhost::scheduled_job::r470s1snmm)
2024-08-19 13:14:01,964 Result is kept for 600 seconds
2024-08-19 13:18:00,223 home-karthik-work-frappe-bench1:default: frappe.utils.background_jobs.execute_job(event=None, is_async=True, job_name='frappe.core.doctype.scheduled_job_type.scheduled_job_type.run_scheduled_jo..., kwargs={'job_type': 'frappe.website.doctype.web_page.web_page.check_publish_status..., method='frappe.core.doctype.scheduled_job_type.scheduled_job_type.run_scheduled_jo..., site='finse.localhost', user='Administrator') (finse.localhost::scheduled_job::r470k07v85)
2024-08-19 13:18:00,510 home-karthik-work-frappe-bench1:default: Job OK (finse.localhost::scheduled_job::r470k07v85)
2024-08-19 13:18:00,511 Result is kept for 600 seconds
2024-08-19 13:18:00,517 home-karthik-work-frappe-bench1:default: frappe.utils.background_jobs.execute_job(event=None, is_async=True, job_name='frappe.core.doctype.scheduled_job_type.scheduled_job_type.run_scheduled_jo..., kwargs={'job_type': 'frappe.email.doctype.email_account.email_account.notify_unrep..., method='frappe.core.doctype.scheduled_job_type.scheduled_job_type.run_scheduled_jo..., site='finse.localhost', user='Administrator') (finse.localhost::scheduled_job::r470gk17me)
2024-08-19 13:18:00,776 home-karthik-work-frappe-bench1:default: Job OK (finse.localhost::scheduled_job::r470gk17me)
2024-08-19 13:18:00,776 Result is kept for 600 seconds
2024-08-19 13:18:00,781 home-karthik-work-frappe-bench1:default: frappe.utils.background_jobs.execute_job(event=None, is_async=True, job_name='frappe.core.doctype.scheduled_job_type.scheduled_job_type.run_scheduled_jo..., kwargs={'job_type': 'frappe.twofactor.delete_all_barcodes_for_users', 'scheduled_j..., method='frappe.core.doctype.scheduled_job_type.scheduled_job_type.run_scheduled_jo..., site='finse.localhost', user='Administrator') (finse.localhost::scheduled_job::r470jiaau2)
2024-08-19 13:18:01,015 home-karthik-work-frappe-bench1:default: Job OK (finse.localhost::scheduled_job::r470jiaau2)
2024-08-19 13:18:01,015 Result is kept for 600 seconds
2024-08-19 13:18:01,021 home-karthik-work-frappe-bench1:default: frappe.utils.background_jobs.execute_job(event=None, is_async=True, job_name='frappe.core.doctype.scheduled_job_type.scheduled_job_type.run_scheduled_jo..., kwargs={'job_type': 'frappe.oauth.delete_oauth2_data', 'scheduled_job_type': 'r470..., method='frappe.core.doctype.scheduled_job_type.scheduled_job_type.run_scheduled_jo..., site='finse.localhost', user='Administrator') (finse.localhost::scheduled_job::r470k7ifqg)
2024-08-19 13:18:01,268 home-karthik-work-frappe-bench1:default: Job OK (finse.localhost::scheduled_job::r470k7ifqg)
2024-08-19 13:18:01,268 Result is kept for 600 seconds
2024-08-19 13:18:01,274 home-karthik-work-frappe-bench1:default: frappe.utils.background_jobs.execute_job(event=None, is_async=True, job_name='frappe.core.doctype.scheduled_job_type.scheduled_job_type.run_scheduled_jo..., kwargs={'job_type': 'frappe.deferred_insert.save_to_db', 'scheduled_job_type': 'r4..., method='frappe.core.doctype.scheduled_job_type.scheduled_job_type.run_scheduled_jo..., site='finse.localhost', user='Administrator') (finse.localhost::scheduled_job::r470d6s4fv)
2024-08-19 13:18:01,532 home-karthik-work-frappe-bench1:default: Job OK (finse.localhost::scheduled_job::r470d6s4fv)
2024-08-19 13:18:01,532 Result is kept for 600 seconds
2024-08-19 13:18:01,538 home-karthik-work-frappe-bench1:default: frappe.utils.background_jobs.execute_job(event=None, is_async=True, job_name='frappe.core.doctype.scheduled_job_type.scheduled_job_type.run_scheduled_jo..., kwargs={'job_type': 'frappe.utils.global_search.sync_global_search', 'scheduled_jo..., method='frappe.core.doctype.scheduled_job_type.scheduled_job_type.run_scheduled_jo..., site='finse.localhost', user='Administrator') (finse.localhost::scheduled_job::r470g7rv4u)
2024-08-19 13:18:01,759 home-karthik-work-frappe-bench1:default: Job OK (finse.localhost::scheduled_job::r470g7rv4u)
2024-08-19 13:18:01,759 Result is kept for 600 seconds
2024-08-19 13:18:01,765 home-karthik-work-frappe-bench1:default: frappe.utils.background_jobs.execute_job(event=None, is_async=True, job_name='frappe.core.doctype.scheduled_job_type.scheduled_job_type.run_scheduled_jo..., kwargs={'job_type': 'frappe.automation.doctype.reminder.reminder.send_reminders', ..., method='frappe.core.doctype.scheduled_job_type.scheduled_job_type.run_scheduled_jo..., site='finse.localhost', user='Administrator') (finse.localhost::scheduled_job::r470v6b642)
2024-08-19 13:18:01,984 home-karthik-work-frappe-bench1:default: Job OK (finse.localhost::scheduled_job::r470v6b642)
2024-08-19 13:18:01,984 Result is kept for 600 seconds
2024-08-19 13:18:01,990 home-karthik-work-frappe-bench1:default: frappe.utils.background_jobs.execute_job(event=None, is_async=True, job_name='frappe.core.doctype.scheduled_job_type.scheduled_job_type.run_scheduled_jo..., kwargs={'job_type': 'frappe.email.queue.flush', 'scheduled_job_type': 'r4705i74gs'..., method='frappe.core.doctype.scheduled_job_type.scheduled_job_type.run_scheduled_jo..., site='finse.localhost', user='Administrator') (finse.localhost::scheduled_job::r4705i74gs)
2024-08-19 13:18:02,265 home-karthik-work-frappe-bench1:default: Job OK (finse.localhost::scheduled_job::r4705i74gs)
2024-08-19 13:18:02,265 Result is kept for 600 seconds
2024-08-19 13:18:02,272 home-karthik-work-frappe-bench1:default: frappe.utils.background_jobs.execute_job(event=None, is_async=True, job_name='frappe.core.doctype.scheduled_job_type.scheduled_job_type.run_scheduled_jo..., kwargs={'job_type': 'frappe.monitor.flush', 'scheduled_job_type': 'r470s1snmm'}, method='frappe.core.doctype.scheduled_job_type.scheduled_job_type.run_scheduled_jo..., site='finse.localhost', user='Administrator') (finse.localhost::scheduled_job::r470s1snmm)
2024-08-19 13:18:02,494 home-karthik-work-frappe-bench1:default: Job OK (finse.localhost::scheduled_job::r470s1snmm)
2024-08-19 13:18:02,494 Result is kept for 600 seconds
2024-08-19 13:22:00,384 home-karthik-work-frappe-bench1:default: frappe.utils.background_jobs.execute_job(event=None, is_async=True, job_name='frappe.core.doctype.scheduled_job_type.scheduled_job_type.run_scheduled_jo..., kwargs={'job_type': 'frappe.automation.doctype.reminder.reminder.send_reminders', ..., method='frappe.core.doctype.scheduled_job_type.scheduled_job_type.run_scheduled_jo..., site='finse.localhost', user='Administrator') (finse.localhost::scheduled_job::r470v6b642)
2024-08-19 13:22:00,625 home-karthik-work-frappe-bench1:default: Job OK (finse.localhost::scheduled_job::r470v6b642)
2024-08-19 13:22:00,625 Result is kept for 600 seconds
2024-08-19 13:22:00,632 Cleaning registries for queue: home-karthik-work-frappe-bench1:short
2024-08-19 13:22:00,633 Cleaning registries for queue: home-karthik-work-frappe-bench1:default
2024-08-19 13:22:00,634 Cleaning registries for queue: home-karthik-work-frappe-bench1:long
2024-08-19 13:22:00,635 home-karthik-work-frappe-bench1:default: frappe.utils.background_jobs.execute_job(event=None, is_async=True, job_name='frappe.core.doctype.scheduled_job_type.scheduled_job_type.run_scheduled_jo..., kwargs={'job_type': 'frappe.email.doctype.email_account.email_account.pull', 'sche..., method='frappe.core.doctype.scheduled_job_type.scheduled_job_type.run_scheduled_jo..., site='finse.localhost', user='Administrator') (finse.localhost::scheduled_job::r470rn383n)
2024-08-19 13:22:00,908 home-karthik-work-frappe-bench1:default: Job OK (finse.localhost::scheduled_job::r470rn383n)
2024-08-19 13:22:00,908 Result is kept for 600 seconds
2024-08-19 13:22:00,919 home-karthik-work-frappe-bench1:default: frappe.utils.background_jobs.execute_job(event=None, is_async=True, job_name='frappe.core.doctype.scheduled_job_type.scheduled_job_type.run_scheduled_jo..., kwargs={'job_type': 'frappe.monitor.flush', 'scheduled_job_type': 'r470s1snmm'}, method='frappe.core.doctype.scheduled_job_type.scheduled_job_type.run_scheduled_jo..., site='finse.localhost', user='Administrator') (finse.localhost::scheduled_job::r470s1snmm)
2024-08-19 13:22:01,226 home-karthik-work-frappe-bench1:default: Job OK (finse.localhost::scheduled_job::r470s1snmm)
2024-08-19 13:22:01,226 Result is kept for 600 seconds
2024-08-19 13:22:01,233 home-karthik-work-frappe-bench1:default: frappe.utils.background_jobs.execute_job(event=None, is_async=True, job_name='frappe.core.doctype.scheduled_job_type.scheduled_job_type.run_scheduled_jo..., kwargs={'job_type': 'frappe.email.queue.flush', 'scheduled_job_type': 'r4705i74gs'..., method='frappe.core.doctype.scheduled_job_type.scheduled_job_type.run_scheduled_jo..., site='finse.localhost', user='Administrator') (finse.localhost::scheduled_job::r4705i74gs)
2024-08-19 13:22:01,534 home-karthik-work-frappe-bench1:default: Job OK (finse.localhost::scheduled_job::r4705i74gs)
2024-08-19 13:22:01,534 Result is kept for 600 seconds
2024-08-19 13:26:00,530 home-karthik-work-frappe-bench1:default: frappe.utils.background_jobs.execute_job(event=None, is_async=True, job_name='frappe.core.doctype.scheduled_job_type.scheduled_job_type.run_scheduled_jo..., kwargs={'job_type': 'frappe.email.queue.flush', 'scheduled_job_type': 'r4705i74gs'..., method='frappe.core.doctype.scheduled_job_type.scheduled_job_type.run_scheduled_jo..., site='finse.localhost', user='Administrator') (finse.localhost::scheduled_job::r4705i74gs)
2024-08-19 13:26:00,828 home-karthik-work-frappe-bench1:default: Job OK (finse.localhost::scheduled_job::r4705i74gs)
2024-08-19 13:26:00,828 Result is kept for 600 seconds
2024-08-19 13:26:00,835 home-karthik-work-frappe-bench1:default: frappe.utils.background_jobs.execute_job(event=None, is_async=True, job_name='frappe.core.doctype.scheduled_job_type.scheduled_job_type.run_scheduled_jo..., kwargs={'job_type': 'frappe.monitor.flush', 'scheduled_job_type': 'r470s1snmm'}, method='frappe.core.doctype.scheduled_job_type.scheduled_job_type.run_scheduled_jo..., site='finse.localhost', user='Administrator') (finse.localhost::scheduled_job::r470s1snmm)
2024-08-19 13:26:01,075 home-karthik-work-frappe-bench1:default: Job OK (finse.localhost::scheduled_job::r470s1snmm)
2024-08-19 13:26:01,075 Result is kept for 600 seconds
2024-08-19 13:26:01,082 home-karthik-work-frappe-bench1:default: frappe.utils.background_jobs.execute_job(event=None, is_async=True, job_name='frappe.core.doctype.scheduled_job_type.scheduled_job_type.run_scheduled_jo..., kwargs={'job_type': 'frappe.automation.doctype.reminder.reminder.send_reminders', ..., method='frappe.core.doctype.scheduled_job_type.scheduled_job_type.run_scheduled_jo..., site='finse.localhost', user='Administrator') (finse.localhost::scheduled_job::r470v6b642)
2024-08-19 13:26:01,321 home-karthik-work-frappe-bench1:default: Job OK (finse.localhost::scheduled_job::r470v6b642)
2024-08-19 13:26:01,321 Result is kept for 600 seconds
2024-08-19 13:30:00,622 home-karthik-work-frappe-bench1:default: frappe.utils.background_jobs.execute_job(event=None, is_async=True, job_name='frappe.core.doctype.scheduled_job_type.scheduled_job_type.run_scheduled_jo..., kwargs={'job_type': 'frappe.twofactor.delete_all_barcodes_for_users', 'scheduled_j..., method='frappe.core.doctype.scheduled_job_type.scheduled_job_type.run_scheduled_jo..., site='finse.localhost', user='Administrator') (finse.localhost::scheduled_job::r470jiaau2)
2024-08-19 13:30:00,915 home-karthik-work-frappe-bench1:default: Job OK (finse.localhost::scheduled_job::r470jiaau2)
2024-08-19 13:30:00,915 Result is kept for 600 seconds
2024-08-19 13:30:00,923 home-karthik-work-frappe-bench1:default: frappe.utils.background_jobs.execute_job(event=None, is_async=True, job_name='frappe.core.doctype.scheduled_job_type.scheduled_job_type.run_scheduled_jo..., kwargs={'job_type': 'frappe.website.doctype.web_page.web_page.check_publish_status..., method='frappe.core.doctype.scheduled_job_type.scheduled_job_type.run_scheduled_jo..., site='finse.localhost', user='Administrator') (finse.localhost::scheduled_job::r470k07v85)
2024-08-19 13:30:01,206 home-karthik-work-frappe-bench1:default: Job OK (finse.localhost::scheduled_job::r470k07v85)
2024-08-19 13:30:01,207 Result is kept for 600 seconds
2024-08-19 13:30:01,215 home-karthik-work-frappe-bench1:default: frappe.utils.background_jobs.execute_job(event=None, is_async=True, job_name='frappe.core.doctype.scheduled_job_type.scheduled_job_type.run_scheduled_jo..., kwargs={'job_type': 'frappe.core.doctype.prepared_report.prepared_report.expire_st..., method='frappe.core.doctype.scheduled_job_type.scheduled_job_type.run_scheduled_jo..., site='finse.localhost', user='Administrator') (finse.localhost::scheduled_job::r470eoilke)
2024-08-19 13:30:01,454 home-karthik-work-frappe-bench1:default: Job OK (finse.localhost::scheduled_job::r470eoilke)
2024-08-19 13:30:01,454 Result is kept for 600 seconds
2024-08-19 13:30:01,462 home-karthik-work-frappe-bench1:default: frappe.utils.background_jobs.execute_job(event=None, is_async=True, job_name='frappe.core.doctype.scheduled_job_type.scheduled_job_type.run_scheduled_jo..., kwargs={'job_type': 'frappe.email.queue.flush', 'scheduled_job_type': 'r4705i74gs'..., method='frappe.core.doctype.scheduled_job_type.scheduled_job_type.run_scheduled_jo..., site='finse.localhost', user='Administrator') (finse.localhost::scheduled_job::r4705i74gs)
2024-08-19 13:30:01,777 home-karthik-work-frappe-bench1:default: Job OK (finse.localhost::scheduled_job::r4705i74gs)
2024-08-19 13:30:01,777 Result is kept for 600 seconds
2024-08-19 13:30:01,786 home-karthik-work-frappe-bench1:default: frappe.utils.background_jobs.execute_job(event=None, is_async=True, job_name='frappe.core.doctype.scheduled_job_type.scheduled_job_type.run_scheduled_jo..., kwargs={'job_type': 'frappe.automation.doctype.reminder.reminder.send_reminders', ..., method='frappe.core.doctype.scheduled_job_type.scheduled_job_type.run_scheduled_jo..., site='finse.localhost', user='Administrator') (finse.localhost::scheduled_job::r470v6b642)
2024-08-19 13:30:02,024 home-karthik-work-frappe-bench1:default: Job OK (finse.localhost::scheduled_job::r470v6b642)
2024-08-19 13:30:02,024 Result is kept for 600 seconds
2024-08-19 13:30:02,032 home-karthik-work-frappe-bench1:default: frappe.utils.background_jobs.execute_job(event=None, is_async=True, job_name='frappe.core.doctype.scheduled_job_type.scheduled_job_type.run_scheduled_jo..., kwargs={'job_type': 'frappe.email.doctype.email_account.email_account.notify_unrep..., method='frappe.core.doctype.scheduled_job_type.scheduled_job_type.run_scheduled_jo..., site='finse.localhost', user='Administrator') (finse.localhost::scheduled_job::r470gk17me)
2024-08-19 13:30:02,297 home-karthik-work-frappe-bench1:default: Job OK (finse.localhost::scheduled_job::r470gk17me)
2024-08-19 13:30:02,297 Result is kept for 600 seconds
2024-08-19 13:30:02,305 home-karthik-work-frappe-bench1:default: frappe.utils.background_jobs.execute_job(event=None, is_async=True, job_name='frappe.core.doctype.scheduled_job_type.scheduled_job_type.run_scheduled_jo..., kwargs={'job_type': 'frappe.monitor.flush', 'scheduled_job_type': 'r470s1snmm'}, method='frappe.core.doctype.scheduled_job_type.scheduled_job_type.run_scheduled_jo..., site='finse.localhost', user='Administrator') (finse.localhost::scheduled_job::r470s1snmm)
2024-08-19 13:30:02,549 home-karthik-work-frappe-bench1:default: Job OK (finse.localhost::scheduled_job::r470s1snmm)
2024-08-19 13:30:02,549 Result is kept for 600 seconds
2024-08-19 13:30:02,557 home-karthik-work-frappe-bench1:default: frappe.utils.background_jobs.execute_job(event=None, is_async=True, job_name='frappe.core.doctype.scheduled_job_type.scheduled_job_type.run_scheduled_jo..., kwargs={'job_type': 'frappe.oauth.delete_oauth2_data', 'scheduled_job_type': 'r470..., method='frappe.core.doctype.scheduled_job_type.scheduled_job_type.run_scheduled_jo..., site='finse.localhost', user='Administrator') (finse.localhost::scheduled_job::r470k7ifqg)
2024-08-19 13:30:02,807 home-karthik-work-frappe-bench1:default: Job OK (finse.localhost::scheduled_job::r470k7ifqg)
2024-08-19 13:30:02,807 Result is kept for 600 seconds
2024-08-19 13:30:02,815 home-karthik-work-frappe-bench1:default: frappe.utils.background_jobs.execute_job(event=None, is_async=True, job_name='frappe.core.doctype.scheduled_job_type.scheduled_job_type.run_scheduled_jo..., kwargs={'job_type': 'frappe.email.doctype.email_account.email_account.pull', 'sche..., method='frappe.core.doctype.scheduled_job_type.scheduled_job_type.run_scheduled_jo..., site='finse.localhost', user='Administrator') (finse.localhost::scheduled_job::r470rn383n)
2024-08-19 13:30:03,066 home-karthik-work-frappe-bench1:default: Job OK (finse.localhost::scheduled_job::r470rn383n)
2024-08-19 13:30:03,066 Result is kept for 600 seconds
2024-08-19 13:30:03,074 home-karthik-work-frappe-bench1:default: frappe.utils.background_jobs.execute_job(event=None, is_async=True, job_name='frappe.core.doctype.scheduled_job_type.scheduled_job_type.run_scheduled_jo..., kwargs={'job_type': 'frappe.deferred_insert.save_to_db', 'scheduled_job_type': 'r4..., method='frappe.core.doctype.scheduled_job_type.scheduled_job_type.run_scheduled_jo..., site='finse.localhost', user='Administrator') (finse.localhost::scheduled_job::r470d6s4fv)
2024-08-19 13:30:03,332 home-karthik-work-frappe-bench1:default: Job OK (finse.localhost::scheduled_job::r470d6s4fv)
2024-08-19 13:30:03,332 Result is kept for 600 seconds
2024-08-19 13:30:03,338 home-karthik-work-frappe-bench1:default: frappe.utils.background_jobs.execute_job(event=None, is_async=True, job_name='frappe.core.doctype.scheduled_job_type.scheduled_job_type.run_scheduled_jo..., kwargs={'job_type': 'frappe.utils.global_search.sync_global_search', 'scheduled_jo..., method='frappe.core.doctype.scheduled_job_type.scheduled_job_type.run_scheduled_jo..., site='finse.localhost', user='Administrator') (finse.localhost::scheduled_job::r470g7rv4u)
2024-08-19 13:30:03,568 home-karthik-work-frappe-bench1:default: Job OK (finse.localhost::scheduled_job::r470g7rv4u)
2024-08-19 13:30:03,568 Result is kept for 600 seconds
2024-08-19 13:34:00,756 home-karthik-work-frappe-bench1:default: frappe.utils.background_jobs.execute_job(event=None, is_async=True, job_name='frappe.core.doctype.scheduled_job_type.scheduled_job_type.run_scheduled_jo..., kwargs={'job_type': 'frappe.monitor.flush', 'scheduled_job_type': 'r470s1snmm'}, method='frappe.core.doctype.scheduled_job_type.scheduled_job_type.run_scheduled_jo..., site='finse.localhost', user='Administrator') (finse.localhost::scheduled_job::r470s1snmm)
2024-08-19 13:34:00,992 home-karthik-work-frappe-bench1:default: Job OK (finse.localhost::scheduled_job::r470s1snmm)
2024-08-19 13:34:00,992 Result is kept for 600 seconds
2024-08-19 13:34:00,999 Cleaning registries for queue: home-karthik-work-frappe-bench1:short
2024-08-19 13:34:01,000 Cleaning registries for queue: home-karthik-work-frappe-bench1:default
2024-08-19 13:34:01,001 Cleaning registries for queue: home-karthik-work-frappe-bench1:long
2024-08-19 13:34:01,002 home-karthik-work-frappe-bench1:default: frappe.utils.background_jobs.execute_job(event=None, is_async=True, job_name='frappe.core.doctype.scheduled_job_type.scheduled_job_type.run_scheduled_jo..., kwargs={'job_type': 'frappe.automation.doctype.reminder.reminder.send_reminders', ..., method='frappe.core.doctype.scheduled_job_type.scheduled_job_type.run_scheduled_jo..., site='finse.localhost', user='Administrator') (finse.localhost::scheduled_job::r470v6b642)
2024-08-19 13:34:01,239 home-karthik-work-frappe-bench1:default: Job OK (finse.localhost::scheduled_job::r470v6b642)
2024-08-19 13:34:01,239 Result is kept for 600 seconds
2024-08-19 13:34:01,247 home-karthik-work-frappe-bench1:default: frappe.utils.background_jobs.execute_job(event=None, is_async=True, job_name='frappe.core.doctype.scheduled_job_type.scheduled_job_type.run_scheduled_jo..., kwargs={'job_type': 'frappe.email.queue.flush', 'scheduled_job_type': 'r4705i74gs'..., method='frappe.core.doctype.scheduled_job_type.scheduled_job_type.run_scheduled_jo..., site='finse.localhost', user='Administrator') (finse.localhost::scheduled_job::r4705i74gs)
2024-08-19 13:34:01,543 home-karthik-work-frappe-bench1:default: Job OK (finse.localhost::scheduled_job::r4705i74gs)
2024-08-19 13:34:01,543 Result is kept for 600 seconds
2024-08-19 13:38:00,903 home-karthik-work-frappe-bench1:default: frappe.utils.background_jobs.execute_job(event=None, is_async=True, job_name='frappe.core.doctype.scheduled_job_type.scheduled_job_type.run_scheduled_jo..., kwargs={'job_type': 'frappe.automation.doctype.reminder.reminder.send_reminders', ..., method='frappe.core.doctype.scheduled_job_type.scheduled_job_type.run_scheduled_jo..., site='finse.localhost', user='Administrator') (finse.localhost::scheduled_job::r470v6b642)
2024-08-19 13:38:01,143 home-karthik-work-frappe-bench1:default: Job OK (finse.localhost::scheduled_job::r470v6b642)
2024-08-19 13:38:01,143 Result is kept for 600 seconds
2024-08-19 13:38:01,151 home-karthik-work-frappe-bench1:default: frappe.utils.background_jobs.execute_job(event=None, is_async=True, job_name='frappe.core.doctype.scheduled_job_type.scheduled_job_type.run_scheduled_jo..., kwargs={'job_type': 'frappe.email.queue.flush', 'scheduled_job_type': 'r4705i74gs'..., method='frappe.core.doctype.scheduled_job_type.scheduled_job_type.run_scheduled_jo..., site='finse.localhost', user='Administrator') (finse.localhost::scheduled_job::r4705i74gs)
2024-08-19 13:38:01,449 home-karthik-work-frappe-bench1:default: Job OK (finse.localhost::scheduled_job::r4705i74gs)
2024-08-19 13:38:01,449 Result is kept for 600 seconds
2024-08-19 13:38:01,457 home-karthik-work-frappe-bench1:default: frappe.utils.background_jobs.execute_job(event=None, is_async=True, job_name='frappe.core.doctype.scheduled_job_type.scheduled_job_type.run_scheduled_jo..., kwargs={'job_type': 'frappe.monitor.flush', 'scheduled_job_type': 'r470s1snmm'}, method='frappe.core.doctype.scheduled_job_type.scheduled_job_type.run_scheduled_jo..., site='finse.localhost', user='Administrator') (finse.localhost::scheduled_job::r470s1snmm)
2024-08-19 13:38:01,692 home-karthik-work-frappe-bench1:default: Job OK (finse.localhost::scheduled_job::r470s1snmm)
2024-08-19 13:38:01,692 Result is kept for 600 seconds
2024-08-19 14:23:52,234 Cleaning registries for queue: home-karthik-work-frappe-bench1:short
2024-08-19 14:23:52,237 Cleaning registries for queue: home-karthik-work-frappe-bench1:default
2024-08-19 14:23:52,238 Cleaning registries for queue: home-karthik-work-frappe-bench1:long
2024-08-19 14:27:09,195 home-karthik-work-frappe-bench1:default: frappe.utils.background_jobs.execute_job(event=None, is_async=True, job_name='frappe.core.doctype.scheduled_job_type.scheduled_job_type.run_scheduled_jo..., kwargs={'job_type': 'frappe.twofactor.delete_all_barcodes_for_users', 'scheduled_j..., method='frappe.core.doctype.scheduled_job_type.scheduled_job_type.run_scheduled_jo..., site='finse.localhost', user='Administrator') (finse.localhost::scheduled_job::r470jiaau2)
2024-08-19 14:27:09,432 home-karthik-work-frappe-bench1:default: Job OK (finse.localhost::scheduled_job::r470jiaau2)
2024-08-19 14:27:09,432 Result is kept for 600 seconds
2024-08-19 14:27:09,438 home-karthik-work-frappe-bench1:default: frappe.utils.background_jobs.execute_job(event=None, is_async=True, job_name='frappe.core.doctype.scheduled_job_type.scheduled_job_type.run_scheduled_jo..., kwargs={'job_type': 'frappe.desk.page.backups.backups.delete_downloadable_backups'..., method='frappe.core.doctype.scheduled_job_type.scheduled_job_type.run_scheduled_jo..., site='finse.localhost', user='Administrator') (finse.localhost::scheduled_job::r4712tr2ie)
2024-08-19 14:27:09,697 home-karthik-work-frappe-bench1:default: Job OK (finse.localhost::scheduled_job::r4712tr2ie)
2024-08-19 14:27:09,697 Result is kept for 600 seconds
2024-08-19 14:27:09,704 home-karthik-work-frappe-bench1:default: frappe.utils.background_jobs.execute_job(event=None, is_async=True, job_name='frappe.core.doctype.scheduled_job_type.scheduled_job_type.run_scheduled_jo..., kwargs={'job_type': 'frappe.integrations.doctype.google_calendar.google_calendar.s..., method='frappe.core.doctype.scheduled_job_type.scheduled_job_type.run_scheduled_jo..., site='finse.localhost', user='Administrator') (finse.localhost::scheduled_job::r471t2ij68)
2024-08-19 14:27:10,081 home-karthik-work-frappe-bench1:default: Job OK (finse.localhost::scheduled_job::r471t2ij68)
2024-08-19 14:27:10,081 Result is kept for 600 seconds
2024-08-19 14:27:10,089 home-karthik-work-frappe-bench1:default: frappe.utils.background_jobs.execute_job(event=None, is_async=True, job_name='frappe.core.doctype.scheduled_job_type.scheduled_job_type.run_scheduled_jo..., kwargs={'job_type': 'frappe.email.queue.flush', 'scheduled_job_type': 'r4705i74gs'..., method='frappe.core.doctype.scheduled_job_type.scheduled_job_type.run_scheduled_jo..., site='finse.localhost', user='Administrator') (finse.localhost::scheduled_job::r4705i74gs)
2024-08-19 14:27:10,411 home-karthik-work-frappe-bench1:default: Job OK (finse.localhost::scheduled_job::r4705i74gs)
2024-08-19 14:27:10,411 Result is kept for 600 seconds
2024-08-19 14:27:10,419 home-karthik-work-frappe-bench1:default: frappe.utils.background_jobs.execute_job(event=None, is_async=True, job_name='frappe.core.doctype.scheduled_job_type.scheduled_job_type.run_scheduled_jo..., kwargs={'job_type': 'frappe.model.utils.link_count.update_link_count', 'scheduled_..., method='frappe.core.doctype.scheduled_job_type.scheduled_job_type.run_scheduled_jo..., site='finse.localhost', user='Administrator') (finse.localhost::scheduled_job::r47190urdd)
2024-08-19 14:27:10,676 home-karthik-work-frappe-bench1:default: Job OK (finse.localhost::scheduled_job::r47190urdd)
2024-08-19 14:27:10,676 Result is kept for 600 seconds
2024-08-19 14:27:10,682 home-karthik-work-frappe-bench1:default: frappe.utils.background_jobs.execute_job(event=None, is_async=True, job_name='frappe.core.doctype.scheduled_job_type.scheduled_job_type.run_scheduled_jo..., kwargs={'job_type': 'frappe.desk.form.document_follow.send_hourly_updates', 'sched..., method='frappe.core.doctype.scheduled_job_type.scheduled_job_type.run_scheduled_jo..., site='finse.localhost', user='Administrator') (finse.localhost::scheduled_job::r4719otv9s)
2024-08-19 14:27:10,922 home-karthik-work-frappe-bench1:default: Job OK (finse.localhost::scheduled_job::r4719otv9s)
2024-08-19 14:27:10,922 Result is kept for 600 seconds
2024-08-19 14:27:10,928 home-karthik-work-frappe-bench1:default: frappe.utils.background_jobs.execute_job(event=None, is_async=True, job_name='frappe.core.doctype.scheduled_job_type.scheduled_job_type.run_scheduled_jo..., kwargs={'job_type': 'frappe.utils.global_search.sync_global_search', 'scheduled_jo..., method='frappe.core.doctype.scheduled_job_type.scheduled_job_type.run_scheduled_jo..., site='finse.localhost', user='Administrator') (finse.localhost::scheduled_job::r470g7rv4u)
2024-08-19 14:27:11,155 home-karthik-work-frappe-bench1:default: Job OK (finse.localhost::scheduled_job::r470g7rv4u)
2024-08-19 14:27:11,155 Result is kept for 600 seconds
2024-08-19 14:27:11,161 home-karthik-work-frappe-bench1:default: frappe.utils.background_jobs.execute_job(event=None, is_async=True, job_name='frappe.core.doctype.scheduled_job_type.scheduled_job_type.run_scheduled_jo..., kwargs={'job_type': 'frappe.website.doctype.web_page.web_page.check_publish_status..., method='frappe.core.doctype.scheduled_job_type.scheduled_job_type.run_scheduled_jo..., site='finse.localhost', user='Administrator') (finse.localhost::scheduled_job::r470k07v85)
2024-08-19 14:27:11,419 home-karthik-work-frappe-bench1:default: Job OK (finse.localhost::scheduled_job::r470k07v85)
2024-08-19 14:27:11,419 Result is kept for 600 seconds
2024-08-19 14:27:11,425 home-karthik-work-frappe-bench1:default: frappe.utils.background_jobs.execute_job(event=None, is_async=True, job_name='frappe.core.doctype.scheduled_job_type.scheduled_job_type.run_scheduled_jo..., kwargs={'job_type': 'frappe.model.utils.user_settings.sync_user_settings', 'schedu..., method='frappe.core.doctype.scheduled_job_type.scheduled_job_type.run_scheduled_jo..., site='finse.localhost', user='Administrator') (finse.localhost::scheduled_job::r4717gqr5q)
2024-08-19 14:27:11,670 home-karthik-work-frappe-bench1:default: Job OK (finse.localhost::scheduled_job::r4717gqr5q)
2024-08-19 14:27:11,670 Result is kept for 600 seconds
2024-08-19 14:27:11,676 home-karthik-work-frappe-bench1:default: frappe.utils.background_jobs.execute_job(event=None, is_async=True, job_name='frappe.core.doctype.scheduled_job_type.scheduled_job_type.run_scheduled_jo..., kwargs={'job_type': 'frappe.email.doctype.email_account.email_account.pull', 'sche..., method='frappe.core.doctype.scheduled_job_type.scheduled_job_type.run_scheduled_jo..., site='finse.localhost', user='Administrator') (finse.localhost::scheduled_job::r470rn383n)
2024-08-19 14:27:11,918 home-karthik-work-frappe-bench1:default: Job OK (finse.localhost::scheduled_job::r470rn383n)
2024-08-19 14:27:11,918 Result is kept for 600 seconds
2024-08-19 14:27:11,924 home-karthik-work-frappe-bench1:default: frappe.utils.background_jobs.execute_job(event=None, is_async=True, job_name='frappe.core.doctype.scheduled_job_type.scheduled_job_type.run_scheduled_jo..., kwargs={'job_type': 'frappe.automation.doctype.reminder.reminder.send_reminders', ..., method='frappe.core.doctype.scheduled_job_type.scheduled_job_type.run_scheduled_jo..., site='finse.localhost', user='Administrator') (finse.localhost::scheduled_job::r470v6b642)
2024-08-19 14:27:12,155 home-karthik-work-frappe-bench1:default: Job OK (finse.localhost::scheduled_job::r470v6b642)
2024-08-19 14:27:12,155 Result is kept for 600 seconds
2024-08-19 14:27:12,160 home-karthik-work-frappe-bench1:default: frappe.utils.background_jobs.execute_job(event=None, is_async=True, job_name='frappe.core.doctype.scheduled_job_type.scheduled_job_type.run_scheduled_jo..., kwargs={'job_type': 'frappe.website.doctype.personal_data_deletion_request.persona..., method='frappe.core.doctype.scheduled_job_type.scheduled_job_type.run_scheduled_jo..., site='finse.localhost', user='Administrator') (finse.localhost::scheduled_job::r4712rb706)
2024-08-19 14:27:12,409 home-karthik-work-frappe-bench1:default: Job OK (finse.localhost::scheduled_job::r4712rb706)
2024-08-19 14:27:12,409 Result is kept for 600 seconds
2024-08-19 14:27:12,415 home-karthik-work-frappe-bench1:default: frappe.utils.background_jobs.execute_job(event=None, is_async=True, job_name='frappe.core.doctype.scheduled_job_type.scheduled_job_type.run_scheduled_jo..., kwargs={'job_type': 'frappe.email.doctype.newsletter.newsletter.send_scheduled_ema..., method='frappe.core.doctype.scheduled_job_type.scheduled_job_type.run_scheduled_jo..., site='finse.localhost', user='Administrator') (finse.localhost::scheduled_job::r471ko4i86)
2024-08-19 14:27:12,697 home-karthik-work-frappe-bench1:default: Job OK (finse.localhost::scheduled_job::r471ko4i86)
2024-08-19 14:27:12,697 Result is kept for 600 seconds
2024-08-19 14:27:12,703 home-karthik-work-frappe-bench1:default: frappe.utils.background_jobs.execute_job(event=None, is_async=True, job_name='frappe.core.doctype.scheduled_job_type.scheduled_job_type.run_scheduled_jo..., kwargs={'job_type': 'frappe.deferred_insert.save_to_db', 'scheduled_job_type': 'r4..., method='frappe.core.doctype.scheduled_job_type.scheduled_job_type.run_scheduled_jo..., site='finse.localhost', user='Administrator') (finse.localhost::scheduled_job::r470d6s4fv)
2024-08-19 14:27:12,950 home-karthik-work-frappe-bench1:default: Job OK (finse.localhost::scheduled_job::r470d6s4fv)
2024-08-19 14:27:12,950 Result is kept for 600 seconds
2024-08-19 14:27:12,956 home-karthik-work-frappe-bench1:default: frappe.utils.background_jobs.execute_job(event=None, is_async=True, job_name='frappe.core.doctype.scheduled_job_type.scheduled_job_type.run_scheduled_jo..., kwargs={'job_type': 'frappe.email.doctype.email_account.email_account.notify_unrep..., method='frappe.core.doctype.scheduled_job_type.scheduled_job_type.run_scheduled_jo..., site='finse.localhost', user='Administrator') (finse.localhost::scheduled_job::r470gk17me)
2024-08-19 14:27:13,190 home-karthik-work-frappe-bench1:default: Job OK (finse.localhost::scheduled_job::r470gk17me)
2024-08-19 14:27:13,190 Result is kept for 600 seconds
2024-08-19 14:27:13,195 home-karthik-work-frappe-bench1:default: frappe.utils.background_jobs.execute_job(event=None, is_async=True, job_name='frappe.core.doctype.scheduled_job_type.scheduled_job_type.run_scheduled_jo..., kwargs={'job_type': 'frappe.oauth.delete_oauth2_data', 'scheduled_job_type': 'r470..., method='frappe.core.doctype.scheduled_job_type.scheduled_job_type.run_scheduled_jo..., site='finse.localhost', user='Administrator') (finse.localhost::scheduled_job::r470k7ifqg)
2024-08-19 14:27:13,428 home-karthik-work-frappe-bench1:default: Job OK (finse.localhost::scheduled_job::r470k7ifqg)
2024-08-19 14:27:13,428 Result is kept for 600 seconds
2024-08-19 14:27:13,434 home-karthik-work-frappe-bench1:default: frappe.utils.background_jobs.execute_job(event=None, is_async=True, job_name='frappe.core.doctype.scheduled_job_type.scheduled_job_type.run_scheduled_jo..., kwargs={'job_type': 'frappe.monitor.flush', 'scheduled_job_type': 'r470s1snmm'}, method='frappe.core.doctype.scheduled_job_type.scheduled_job_type.run_scheduled_jo..., site='finse.localhost', user='Administrator') (finse.localhost::scheduled_job::r470s1snmm)
2024-08-19 14:27:13,661 home-karthik-work-frappe-bench1:default: Job OK (finse.localhost::scheduled_job::r470s1snmm)
2024-08-19 14:27:13,662 Result is kept for 600 seconds
2024-08-19 14:30:00,286 home-karthik-work-frappe-bench1:default: frappe.utils.background_jobs.execute_job(event=None, is_async=True, job_name='frappe.core.doctype.scheduled_job_type.scheduled_job_type.run_scheduled_jo..., kwargs={'job_type': 'frappe.core.doctype.prepared_report.prepared_report.expire_st..., method='frappe.core.doctype.scheduled_job_type.scheduled_job_type.run_scheduled_jo..., site='finse.localhost', user='Administrator') (finse.localhost::scheduled_job::r470eoilke)
2024-08-19 14:30:00,649 home-karthik-work-frappe-bench1:default: Job OK (finse.localhost::scheduled_job::r470eoilke)
2024-08-19 14:30:00,649 Result is kept for 600 seconds
2024-08-19 14:30:00,656 home-karthik-work-frappe-bench1:default: frappe.utils.background_jobs.execute_job(event=None, is_async=True, job_name='frappe.core.doctype.scheduled_job_type.scheduled_job_type.run_scheduled_jo..., kwargs={'job_type': 'frappe.automation.doctype.reminder.reminder.send_reminders', ..., method='frappe.core.doctype.scheduled_job_type.scheduled_job_type.run_scheduled_jo..., site='finse.localhost', user='Administrator') (finse.localhost::scheduled_job::r470v6b642)
2024-08-19 14:30:00,894 home-karthik-work-frappe-bench1:default: Job OK (finse.localhost::scheduled_job::r470v6b642)
2024-08-19 14:30:00,894 Result is kept for 600 seconds
2024-08-19 14:30:00,902 home-karthik-work-frappe-bench1:default: frappe.utils.background_jobs.execute_job(event=None, is_async=True, job_name='frappe.core.doctype.scheduled_job_type.scheduled_job_type.run_scheduled_jo..., kwargs={'job_type': 'frappe.utils.global_search.sync_global_search', 'scheduled_jo..., method='frappe.core.doctype.scheduled_job_type.scheduled_job_type.run_scheduled_jo..., site='finse.localhost', user='Administrator') (finse.localhost::scheduled_job::r470g7rv4u)
2024-08-19 14:30:01,141 home-karthik-work-frappe-bench1:default: Job OK (finse.localhost::scheduled_job::r470g7rv4u)
2024-08-19 14:30:01,141 Result is kept for 600 seconds
2024-08-19 14:30:01,149 home-karthik-work-frappe-bench1:default: frappe.utils.background_jobs.execute_job(event=None, is_async=True, job_name='frappe.core.doctype.scheduled_job_type.scheduled_job_type.run_scheduled_jo..., kwargs={'job_type': 'frappe.website.doctype.web_page.web_page.check_publish_status..., method='frappe.core.doctype.scheduled_job_type.scheduled_job_type.run_scheduled_jo..., site='finse.localhost', user='Administrator') (finse.localhost::scheduled_job::r470k07v85)
2024-08-19 14:30:01,430 home-karthik-work-frappe-bench1:default: Job OK (finse.localhost::scheduled_job::r470k07v85)
2024-08-19 14:30:01,430 Result is kept for 600 seconds
2024-08-19 14:30:01,438 home-karthik-work-frappe-bench1:default: frappe.utils.background_jobs.execute_job(event=None, is_async=True, job_name='frappe.core.doctype.scheduled_job_type.scheduled_job_type.run_scheduled_jo..., kwargs={'job_type': 'frappe.email.queue.flush', 'scheduled_job_type': 'r4705i74gs'..., method='frappe.core.doctype.scheduled_job_type.scheduled_job_type.run_scheduled_jo..., site='finse.localhost', user='Administrator') (finse.localhost::scheduled_job::r4705i74gs)
2024-08-19 14:30:01,755 home-karthik-work-frappe-bench1:default: Job OK (finse.localhost::scheduled_job::r4705i74gs)
2024-08-19 14:30:01,756 Result is kept for 600 seconds
2024-08-19 14:30:01,764 home-karthik-work-frappe-bench1:default: frappe.utils.background_jobs.execute_job(event=None, is_async=True, job_name='frappe.core.doctype.scheduled_job_type.scheduled_job_type.run_scheduled_jo..., kwargs={'job_type': 'frappe.monitor.flush', 'scheduled_job_type': 'r470s1snmm'}, method='frappe.core.doctype.scheduled_job_type.scheduled_job_type.run_scheduled_jo..., site='finse.localhost', user='Administrator') (finse.localhost::scheduled_job::r470s1snmm)
2024-08-19 14:30:01,997 home-karthik-work-frappe-bench1:default: Job OK (finse.localhost::scheduled_job::r470s1snmm)
2024-08-19 14:30:01,997 Result is kept for 600 seconds
2024-08-19 14:30:02,005 home-karthik-work-frappe-bench1:default: frappe.utils.background_jobs.execute_job(event=None, is_async=True, job_name='frappe.core.doctype.scheduled_job_type.scheduled_job_type.run_scheduled_jo..., kwargs={'job_type': 'frappe.twofactor.delete_all_barcodes_for_users', 'scheduled_j..., method='frappe.core.doctype.scheduled_job_type.scheduled_job_type.run_scheduled_jo..., site='finse.localhost', user='Administrator') (finse.localhost::scheduled_job::r470jiaau2)
2024-08-19 14:30:02,243 home-karthik-work-frappe-bench1:default: Job OK (finse.localhost::scheduled_job::r470jiaau2)
2024-08-19 14:30:02,243 Result is kept for 600 seconds
2024-08-19 14:30:02,251 home-karthik-work-frappe-bench1:default: frappe.utils.background_jobs.execute_job(event=None, is_async=True, job_name='frappe.core.doctype.scheduled_job_type.scheduled_job_type.run_scheduled_jo..., kwargs={'job_type': 'frappe.email.doctype.email_account.email_account.pull', 'sche..., method='frappe.core.doctype.scheduled_job_type.scheduled_job_type.run_scheduled_jo..., site='finse.localhost', user='Administrator') (finse.localhost::scheduled_job::r470rn383n)
2024-08-19 14:30:02,509 home-karthik-work-frappe-bench1:default: Job OK (finse.localhost::scheduled_job::r470rn383n)
2024-08-19 14:30:02,510 Result is kept for 600 seconds
2024-08-19 14:30:02,517 home-karthik-work-frappe-bench1:default: frappe.utils.background_jobs.execute_job(event=None, is_async=True, job_name='frappe.core.doctype.scheduled_job_type.scheduled_job_type.run_scheduled_jo..., kwargs={'job_type': 'frappe.deferred_insert.save_to_db', 'scheduled_job_type': 'r4..., method='frappe.core.doctype.scheduled_job_type.scheduled_job_type.run_scheduled_jo..., site='finse.localhost', user='Administrator') (finse.localhost::scheduled_job::r470d6s4fv)
2024-08-19 14:30:02,787 home-karthik-work-frappe-bench1:default: Job OK (finse.localhost::scheduled_job::r470d6s4fv)
2024-08-19 14:30:02,787 Result is kept for 600 seconds
2024-08-19 14:30:02,795 home-karthik-work-frappe-bench1:default: frappe.utils.background_jobs.execute_job(event=None, is_async=True, job_name='frappe.core.doctype.scheduled_job_type.scheduled_job_type.run_scheduled_jo..., kwargs={'job_type': 'frappe.oauth.delete_oauth2_data', 'scheduled_job_type': 'r470..., method='frappe.core.doctype.scheduled_job_type.scheduled_job_type.run_scheduled_jo..., site='finse.localhost', user='Administrator') (finse.localhost::scheduled_job::r470k7ifqg)
2024-08-19 14:30:03,032 home-karthik-work-frappe-bench1:default: Job OK (finse.localhost::scheduled_job::r470k7ifqg)
2024-08-19 14:30:03,032 Result is kept for 600 seconds
2024-08-19 14:30:03,038 home-karthik-work-frappe-bench1:default: frappe.utils.background_jobs.execute_job(event=None, is_async=True, job_name='frappe.core.doctype.scheduled_job_type.scheduled_job_type.run_scheduled_jo..., kwargs={'job_type': 'frappe.email.doctype.email_account.email_account.notify_unrep..., method='frappe.core.doctype.scheduled_job_type.scheduled_job_type.run_scheduled_jo..., site='finse.localhost', user='Administrator') (finse.localhost::scheduled_job::r470gk17me)
2024-08-19 14:30:03,266 home-karthik-work-frappe-bench1:default: Job OK (finse.localhost::scheduled_job::r470gk17me)
2024-08-19 14:30:03,266 Result is kept for 600 seconds
2024-08-19 14:34:00,463 home-karthik-work-frappe-bench1:default: frappe.utils.background_jobs.execute_job(event=None, is_async=True, job_name='frappe.core.doctype.scheduled_job_type.scheduled_job_type.run_scheduled_jo..., kwargs={'job_type': 'frappe.automation.doctype.reminder.reminder.send_reminders', ..., method='frappe.core.doctype.scheduled_job_type.scheduled_job_type.run_scheduled_jo..., site='finse.localhost', user='Administrator') (finse.localhost::scheduled_job::r470v6b642)
2024-08-19 14:34:00,698 home-karthik-work-frappe-bench1:default: Job OK (finse.localhost::scheduled_job::r470v6b642)
2024-08-19 14:34:00,698 Result is kept for 600 seconds
2024-08-19 14:34:00,703 Cleaning registries for queue: home-karthik-work-frappe-bench1:short
2024-08-19 14:34:00,704 Cleaning registries for queue: home-karthik-work-frappe-bench1:default
2024-08-19 14:34:00,704 Cleaning registries for queue: home-karthik-work-frappe-bench1:long
2024-08-19 14:34:00,705 home-karthik-work-frappe-bench1:default: frappe.utils.background_jobs.execute_job(event=None, is_async=True, job_name='frappe.core.doctype.scheduled_job_type.scheduled_job_type.run_scheduled_jo..., kwargs={'job_type': 'frappe.monitor.flush', 'scheduled_job_type': 'r470s1snmm'}, method='frappe.core.doctype.scheduled_job_type.scheduled_job_type.run_scheduled_jo..., site='finse.localhost', user='Administrator') (finse.localhost::scheduled_job::r470s1snmm)
2024-08-19 14:34:00,928 home-karthik-work-frappe-bench1:default: Job OK (finse.localhost::scheduled_job::r470s1snmm)
2024-08-19 14:34:00,928 Result is kept for 600 seconds
2024-08-19 14:34:00,934 home-karthik-work-frappe-bench1:default: frappe.utils.background_jobs.execute_job(event=None, is_async=True, job_name='frappe.core.doctype.scheduled_job_type.scheduled_job_type.run_scheduled_jo..., kwargs={'job_type': 'frappe.email.queue.flush', 'scheduled_job_type': 'r4705i74gs'..., method='frappe.core.doctype.scheduled_job_type.scheduled_job_type.run_scheduled_jo..., site='finse.localhost', user='Administrator') (finse.localhost::scheduled_job::r4705i74gs)
2024-08-19 14:34:01,206 home-karthik-work-frappe-bench1:default: Job OK (finse.localhost::scheduled_job::r4705i74gs)
2024-08-19 14:34:01,207 Result is kept for 600 seconds
2024-08-19 14:38:00,656 home-karthik-work-frappe-bench1:default: frappe.utils.background_jobs.execute_job(event=None, is_async=True, job_name='frappe.core.doctype.scheduled_job_type.scheduled_job_type.run_scheduled_jo..., kwargs={'job_type': 'frappe.automation.doctype.reminder.reminder.send_reminders', ..., method='frappe.core.doctype.scheduled_job_type.scheduled_job_type.run_scheduled_jo..., site='finse.localhost', user='Administrator') (finse.localhost::scheduled_job::r470v6b642)
2024-08-19 14:38:00,882 home-karthik-work-frappe-bench1:default: Job OK (finse.localhost::scheduled_job::r470v6b642)
2024-08-19 14:38:00,882 Result is kept for 600 seconds
2024-08-19 14:38:00,887 home-karthik-work-frappe-bench1:default: frappe.utils.background_jobs.execute_job(event=None, is_async=True, job_name='frappe.core.doctype.scheduled_job_type.scheduled_job_type.run_scheduled_jo..., kwargs={'job_type': 'frappe.email.queue.flush', 'scheduled_job_type': 'r4705i74gs'..., method='frappe.core.doctype.scheduled_job_type.scheduled_job_type.run_scheduled_jo..., site='finse.localhost', user='Administrator') (finse.localhost::scheduled_job::r4705i74gs)
2024-08-19 14:38:01,171 home-karthik-work-frappe-bench1:default: Job OK (finse.localhost::scheduled_job::r4705i74gs)
2024-08-19 14:38:01,171 Result is kept for 600 seconds
2024-08-19 14:38:01,177 home-karthik-work-frappe-bench1:default: frappe.utils.background_jobs.execute_job(event=None, is_async=True, job_name='frappe.core.doctype.scheduled_job_type.scheduled_job_type.run_scheduled_jo..., kwargs={'job_type': 'frappe.monitor.flush', 'scheduled_job_type': 'r470s1snmm'}, method='frappe.core.doctype.scheduled_job_type.scheduled_job_type.run_scheduled_jo..., site='finse.localhost', user='Administrator') (finse.localhost::scheduled_job::r470s1snmm)
2024-08-19 14:38:01,407 home-karthik-work-frappe-bench1:default: Job OK (finse.localhost::scheduled_job::r470s1snmm)
2024-08-19 14:38:01,407 Result is kept for 600 seconds
2024-08-19 14:42:00,778 home-karthik-work-frappe-bench1:default: frappe.utils.background_jobs.execute_job(event=None, is_async=True, job_name='frappe.core.doctype.scheduled_job_type.scheduled_job_type.run_scheduled_jo..., kwargs={'job_type': 'frappe.monitor.flush', 'scheduled_job_type': 'r470s1snmm'}, method='frappe.core.doctype.scheduled_job_type.scheduled_job_type.run_scheduled_jo..., site='finse.localhost', user='Administrator') (finse.localhost::scheduled_job::r470s1snmm)
2024-08-19 14:42:00,995 home-karthik-work-frappe-bench1:default: Job OK (finse.localhost::scheduled_job::r470s1snmm)
2024-08-19 14:42:00,995 Result is kept for 600 seconds
2024-08-19 14:42:01,000 home-karthik-work-frappe-bench1:default: frappe.utils.background_jobs.execute_job(event=None, is_async=True, job_name='frappe.core.doctype.scheduled_job_type.scheduled_job_type.run_scheduled_jo..., kwargs={'job_type': 'frappe.email.doctype.email_account.email_account.pull', 'sche..., method='frappe.core.doctype.scheduled_job_type.scheduled_job_type.run_scheduled_jo..., site='finse.localhost', user='Administrator') (finse.localhost::scheduled_job::r470rn383n)
2024-08-19 14:42:01,236 home-karthik-work-frappe-bench1:default: Job OK (finse.localhost::scheduled_job::r470rn383n)
2024-08-19 14:42:01,236 Result is kept for 600 seconds
2024-08-19 14:42:01,243 home-karthik-work-frappe-bench1:default: frappe.utils.background_jobs.execute_job(event=None, is_async=True, job_name='frappe.core.doctype.scheduled_job_type.scheduled_job_type.run_scheduled_jo..., kwargs={'job_type': 'frappe.email.queue.flush', 'scheduled_job_type': 'r4705i74gs'..., method='frappe.core.doctype.scheduled_job_type.scheduled_job_type.run_scheduled_jo..., site='finse.localhost', user='Administrator') (finse.localhost::scheduled_job::r4705i74gs)
2024-08-19 14:42:01,521 home-karthik-work-frappe-bench1:default: Job OK (finse.localhost::scheduled_job::r4705i74gs)
2024-08-19 14:42:01,521 Result is kept for 600 seconds
2024-08-19 14:42:01,528 home-karthik-work-frappe-bench1:default: frappe.utils.background_jobs.execute_job(event=None, is_async=True, job_name='frappe.core.doctype.scheduled_job_type.scheduled_job_type.run_scheduled_jo..., kwargs={'job_type': 'frappe.automation.doctype.reminder.reminder.send_reminders', ..., method='frappe.core.doctype.scheduled_job_type.scheduled_job_type.run_scheduled_jo..., site='finse.localhost', user='Administrator') (finse.localhost::scheduled_job::r470v6b642)
2024-08-19 14:42:01,752 home-karthik-work-frappe-bench1:default: Job OK (finse.localhost::scheduled_job::r470v6b642)
2024-08-19 14:42:01,752 Result is kept for 600 seconds
2024-08-19 14:46:00,936 home-karthik-work-frappe-bench1:default: frappe.utils.background_jobs.execute_job(event=None, is_async=True, job_name='frappe.core.doctype.scheduled_job_type.scheduled_job_type.run_scheduled_jo..., kwargs={'job_type': 'frappe.email.doctype.email_account.email_account.notify_unrep..., method='frappe.core.doctype.scheduled_job_type.scheduled_job_type.run_scheduled_jo..., site='finse.localhost', user='Administrator') (finse.localhost::scheduled_job::r470gk17me)
2024-08-19 14:46:01,159 home-karthik-work-frappe-bench1:default: Job OK (finse.localhost::scheduled_job::r470gk17me)
2024-08-19 14:46:01,159 Result is kept for 600 seconds
2024-08-19 14:46:01,164 Cleaning registries for queue: home-karthik-work-frappe-bench1:short
2024-08-19 14:46:01,165 Cleaning registries for queue: home-karthik-work-frappe-bench1:default
2024-08-19 14:46:01,165 Cleaning registries for queue: home-karthik-work-frappe-bench1:long
2024-08-19 14:46:01,167 home-karthik-work-frappe-bench1:default: frappe.utils.background_jobs.execute_job(event=None, is_async=True, job_name='frappe.core.doctype.scheduled_job_type.scheduled_job_type.run_scheduled_jo..., kwargs={'job_type': 'frappe.email.queue.flush', 'scheduled_job_type': 'r4705i74gs'..., method='frappe.core.doctype.scheduled_job_type.scheduled_job_type.run_scheduled_jo..., site='finse.localhost', user='Administrator') (finse.localhost::scheduled_job::r4705i74gs)
2024-08-19 14:46:01,446 home-karthik-work-frappe-bench1:default: Job OK (finse.localhost::scheduled_job::r4705i74gs)
2024-08-19 14:46:01,446 Result is kept for 600 seconds
2024-08-19 14:46:01,452 home-karthik-work-frappe-bench1:default: frappe.utils.background_jobs.execute_job(event=None, is_async=True, job_name='frappe.core.doctype.scheduled_job_type.scheduled_job_type.run_scheduled_jo..., kwargs={'job_type': 'frappe.automation.doctype.reminder.reminder.send_reminders', ..., method='frappe.core.doctype.scheduled_job_type.scheduled_job_type.run_scheduled_jo..., site='finse.localhost', user='Administrator') (finse.localhost::scheduled_job::r470v6b642)
2024-08-19 14:46:01,676 home-karthik-work-frappe-bench1:default: Job OK (finse.localhost::scheduled_job::r470v6b642)
2024-08-19 14:46:01,676 Result is kept for 600 seconds
2024-08-19 14:46:01,682 home-karthik-work-frappe-bench1:default: frappe.utils.background_jobs.execute_job(event=None, is_async=True, job_name='frappe.core.doctype.scheduled_job_type.scheduled_job_type.run_scheduled_jo..., kwargs={'job_type': 'frappe.oauth.delete_oauth2_data', 'scheduled_job_type': 'r470..., method='frappe.core.doctype.scheduled_job_type.scheduled_job_type.run_scheduled_jo..., site='finse.localhost', user='Administrator') (finse.localhost::scheduled_job::r470k7ifqg)
2024-08-19 14:46:01,916 home-karthik-work-frappe-bench1:default: Job OK (finse.localhost::scheduled_job::r470k7ifqg)
2024-08-19 14:46:01,916 Result is kept for 600 seconds
2024-08-19 14:46:01,921 home-karthik-work-frappe-bench1:default: frappe.utils.background_jobs.execute_job(event=None, is_async=True, job_name='frappe.core.doctype.scheduled_job_type.scheduled_job_type.run_scheduled_jo..., kwargs={'job_type': 'frappe.utils.global_search.sync_global_search', 'scheduled_jo..., method='frappe.core.doctype.scheduled_job_type.scheduled_job_type.run_scheduled_jo..., site='finse.localhost', user='Administrator') (finse.localhost::scheduled_job::r470g7rv4u)
2024-08-19 14:46:02,136 home-karthik-work-frappe-bench1:default: Job OK (finse.localhost::scheduled_job::r470g7rv4u)
2024-08-19 14:46:02,136 Result is kept for 600 seconds
2024-08-19 14:46:02,141 home-karthik-work-frappe-bench1:default: frappe.utils.background_jobs.execute_job(event=None, is_async=True, job_name='frappe.core.doctype.scheduled_job_type.scheduled_job_type.run_scheduled_jo..., kwargs={'job_type': 'frappe.deferred_insert.save_to_db', 'scheduled_job_type': 'r4..., method='frappe.core.doctype.scheduled_job_type.scheduled_job_type.run_scheduled_jo..., site='finse.localhost', user='Administrator') (finse.localhost::scheduled_job::r470d6s4fv)
2024-08-19 14:46:02,399 home-karthik-work-frappe-bench1:default: Job OK (finse.localhost::scheduled_job::r470d6s4fv)
2024-08-19 14:46:02,399 Result is kept for 600 seconds
2024-08-19 14:46:02,405 home-karthik-work-frappe-bench1:default: frappe.utils.background_jobs.execute_job(event=None, is_async=True, job_name='frappe.core.doctype.scheduled_job_type.scheduled_job_type.run_scheduled_jo..., kwargs={'job_type': 'frappe.twofactor.delete_all_barcodes_for_users', 'scheduled_j..., method='frappe.core.doctype.scheduled_job_type.scheduled_job_type.run_scheduled_jo..., site='finse.localhost', user='Administrator') (finse.localhost::scheduled_job::r470jiaau2)
2024-08-19 14:46:02,622 home-karthik-work-frappe-bench1:default: Job OK (finse.localhost::scheduled_job::r470jiaau2)
2024-08-19 14:46:02,622 Result is kept for 600 seconds
2024-08-19 14:46:02,627 home-karthik-work-frappe-bench1:default: frappe.utils.background_jobs.execute_job(event=None, is_async=True, job_name='frappe.core.doctype.scheduled_job_type.scheduled_job_type.run_scheduled_jo..., kwargs={'job_type': 'frappe.website.doctype.web_page.web_page.check_publish_status..., method='frappe.core.doctype.scheduled_job_type.scheduled_job_type.run_scheduled_jo..., site='finse.localhost', user='Administrator') (finse.localhost::scheduled_job::r470k07v85)
2024-08-19 14:46:02,882 home-karthik-work-frappe-bench1:default: Job OK (finse.localhost::scheduled_job::r470k07v85)
2024-08-19 14:46:02,882 Result is kept for 600 seconds
2024-08-19 14:46:02,888 home-karthik-work-frappe-bench1:default: frappe.utils.background_jobs.execute_job(event=None, is_async=True, job_name='frappe.core.doctype.scheduled_job_type.scheduled_job_type.run_scheduled_jo..., kwargs={'job_type': 'frappe.monitor.flush', 'scheduled_job_type': 'r470s1snmm'}, method='frappe.core.doctype.scheduled_job_type.scheduled_job_type.run_scheduled_jo..., site='finse.localhost', user='Administrator') (finse.localhost::scheduled_job::r470s1snmm)
2024-08-19 14:46:03,104 home-karthik-work-frappe-bench1:default: Job OK (finse.localhost::scheduled_job::r470s1snmm)
2024-08-19 14:46:03,104 Result is kept for 600 seconds
2024-08-19 14:50:01,135 home-karthik-work-frappe-bench1:default: frappe.utils.background_jobs.execute_job(event=None, is_async=True, job_name='frappe.core.doctype.scheduled_job_type.scheduled_job_type.run_scheduled_jo..., kwargs={'job_type': 'frappe.automation.doctype.reminder.reminder.send_reminders', ..., method='frappe.core.doctype.scheduled_job_type.scheduled_job_type.run_scheduled_jo..., site='finse.localhost', user='Administrator') (finse.localhost::scheduled_job::r470v6b642)
2024-08-19 14:50:01,379 home-karthik-work-frappe-bench1:default: Job OK (finse.localhost::scheduled_job::r470v6b642)
2024-08-19 14:50:01,379 Result is kept for 600 seconds
2024-08-19 14:50:01,385 home-karthik-work-frappe-bench1:default: frappe.utils.background_jobs.execute_job(event=None, is_async=True, job_name='frappe.core.doctype.scheduled_job_type.scheduled_job_type.run_scheduled_jo..., kwargs={'job_type': 'frappe.email.queue.flush', 'scheduled_job_type': 'r4705i74gs'..., method='frappe.core.doctype.scheduled_job_type.scheduled_job_type.run_scheduled_jo..., site='finse.localhost', user='Administrator') (finse.localhost::scheduled_job::r4705i74gs)
2024-08-19 14:50:01,684 home-karthik-work-frappe-bench1:default: Job OK (finse.localhost::scheduled_job::r4705i74gs)
2024-08-19 14:50:01,684 Result is kept for 600 seconds
2024-08-19 14:50:01,691 home-karthik-work-frappe-bench1:default: frappe.utils.background_jobs.execute_job(event=None, is_async=True, job_name='frappe.core.doctype.scheduled_job_type.scheduled_job_type.run_scheduled_jo..., kwargs={'job_type': 'frappe.email.doctype.email_account.email_account.pull', 'sche..., method='frappe.core.doctype.scheduled_job_type.scheduled_job_type.run_scheduled_jo..., site='finse.localhost', user='Administrator') (finse.localhost::scheduled_job::r470rn383n)
2024-08-19 14:50:01,940 home-karthik-work-frappe-bench1:default: Job OK (finse.localhost::scheduled_job::r470rn383n)
2024-08-19 14:50:01,940 Result is kept for 600 seconds
2024-08-19 14:50:01,947 home-karthik-work-frappe-bench1:default: frappe.utils.background_jobs.execute_job(event=None, is_async=True, job_name='frappe.core.doctype.scheduled_job_type.scheduled_job_type.run_scheduled_jo..., kwargs={'job_type': 'frappe.monitor.flush', 'scheduled_job_type': 'r470s1snmm'}, method='frappe.core.doctype.scheduled_job_type.scheduled_job_type.run_scheduled_jo..., site='finse.localhost', user='Administrator') (finse.localhost::scheduled_job::r470s1snmm)
2024-08-19 14:50:02,182 home-karthik-work-frappe-bench1:default: Job OK (finse.localhost::scheduled_job::r470s1snmm)
2024-08-19 14:50:02,183 Result is kept for 600 seconds
2024-08-19 14:54:00,296 home-karthik-work-frappe-bench1:default: frappe.utils.background_jobs.execute_job(event=None, is_async=True, job_name='frappe.core.doctype.scheduled_job_type.scheduled_job_type.run_scheduled_jo..., kwargs={'job_type': 'frappe.email.queue.flush', 'scheduled_job_type': 'r4705i74gs'..., method='frappe.core.doctype.scheduled_job_type.scheduled_job_type.run_scheduled_jo..., site='finse.localhost', user='Administrator') (finse.localhost::scheduled_job::r4705i74gs)
2024-08-19 14:54:00,589 home-karthik-work-frappe-bench1:default: Job OK (finse.localhost::scheduled_job::r4705i74gs)
2024-08-19 14:54:00,590 Result is kept for 600 seconds
2024-08-19 14:54:00,598 home-karthik-work-frappe-bench1:default: frappe.utils.background_jobs.execute_job(event=None, is_async=True, job_name='frappe.core.doctype.scheduled_job_type.scheduled_job_type.run_scheduled_jo..., kwargs={'job_type': 'frappe.automation.doctype.reminder.reminder.send_reminders', ..., method='frappe.core.doctype.scheduled_job_type.scheduled_job_type.run_scheduled_jo..., site='finse.localhost', user='Administrator') (finse.localhost::scheduled_job::r470v6b642)
2024-08-19 14:54:00,837 home-karthik-work-frappe-bench1:default: Job OK (finse.localhost::scheduled_job::r470v6b642)
2024-08-19 14:54:00,837 Result is kept for 600 seconds
2024-08-19 14:54:00,845 home-karthik-work-frappe-bench1:default: frappe.utils.background_jobs.execute_job(event=None, is_async=True, job_name='frappe.core.doctype.scheduled_job_type.scheduled_job_type.run_scheduled_jo..., kwargs={'job_type': 'frappe.monitor.flush', 'scheduled_job_type': 'r470s1snmm'}, method='frappe.core.doctype.scheduled_job_type.scheduled_job_type.run_scheduled_jo..., site='finse.localhost', user='Administrator') (finse.localhost::scheduled_job::r470s1snmm)
2024-08-19 14:54:01,084 home-karthik-work-frappe-bench1:default: Job OK (finse.localhost::scheduled_job::r470s1snmm)
2024-08-19 14:54:01,084 Result is kept for 600 seconds
2024-08-19 14:58:00,455 home-karthik-work-frappe-bench1:default: frappe.utils.background_jobs.execute_job(event=None, is_async=True, job_name='frappe.core.doctype.scheduled_job_type.scheduled_job_type.run_scheduled_jo..., kwargs={'job_type': 'frappe.email.queue.flush', 'scheduled_job_type': 'r4705i74gs'..., method='frappe.core.doctype.scheduled_job_type.scheduled_job_type.run_scheduled_jo..., site='finse.localhost', user='Administrator') (finse.localhost::scheduled_job::r4705i74gs)
2024-08-19 14:58:00,787 home-karthik-work-frappe-bench1:default: Job OK (finse.localhost::scheduled_job::r4705i74gs)
2024-08-19 14:58:00,787 Result is kept for 600 seconds
2024-08-19 14:58:00,795 Cleaning registries for queue: home-karthik-work-frappe-bench1:short
2024-08-19 14:58:00,796 Cleaning registries for queue: home-karthik-work-frappe-bench1:default
2024-08-19 14:58:00,797 Cleaning registries for queue: home-karthik-work-frappe-bench1:long
2024-08-19 14:58:00,798 home-karthik-work-frappe-bench1:default: frappe.utils.background_jobs.execute_job(event=None, is_async=True, job_name='frappe.core.doctype.scheduled_job_type.scheduled_job_type.run_scheduled_jo..., kwargs={'job_type': 'frappe.automation.doctype.reminder.reminder.send_reminders', ..., method='frappe.core.doctype.scheduled_job_type.scheduled_job_type.run_scheduled_jo..., site='finse.localhost', user='Administrator') (finse.localhost::scheduled_job::r470v6b642)
2024-08-19 14:58:01,040 home-karthik-work-frappe-bench1:default: Job OK (finse.localhost::scheduled_job::r470v6b642)
2024-08-19 14:58:01,040 Result is kept for 600 seconds
2024-08-19 14:58:01,047 home-karthik-work-frappe-bench1:default: frappe.utils.background_jobs.execute_job(event=None, is_async=True, job_name='frappe.core.doctype.scheduled_job_type.scheduled_job_type.run_scheduled_jo..., kwargs={'job_type': 'frappe.monitor.flush', 'scheduled_job_type': 'r470s1snmm'}, method='frappe.core.doctype.scheduled_job_type.scheduled_job_type.run_scheduled_jo..., site='finse.localhost', user='Administrator') (finse.localhost::scheduled_job::r470s1snmm)
2024-08-19 14:58:01,316 home-karthik-work-frappe-bench1:default: Job OK (finse.localhost::scheduled_job::r470s1snmm)
2024-08-19 14:58:01,316 Result is kept for 600 seconds
2024-08-19 15:02:00,618 home-karthik-work-frappe-bench1:default: frappe.utils.background_jobs.execute_job(event=None, is_async=True, job_name='frappe.core.doctype.scheduled_job_type.scheduled_job_type.run_scheduled_jo..., kwargs={'job_type': 'frappe.oauth.delete_oauth2_data', 'scheduled_job_type': 'r470..., method='frappe.core.doctype.scheduled_job_type.scheduled_job_type.run_scheduled_jo..., site='finse.localhost', user='Administrator') (finse.localhost::scheduled_job::r470k7ifqg)
2024-08-19 15:02:00,884 home-karthik-work-frappe-bench1:default: Job OK (finse.localhost::scheduled_job::r470k7ifqg)
2024-08-19 15:02:00,884 Result is kept for 600 seconds
2024-08-19 15:02:00,890 home-karthik-work-frappe-bench1:default: frappe.utils.background_jobs.execute_job(event=None, is_async=True, job_name='frappe.core.doctype.scheduled_job_type.scheduled_job_type.run_scheduled_jo..., kwargs={'job_type': 'frappe.email.doctype.email_account.email_account.notify_unrep..., method='frappe.core.doctype.scheduled_job_type.scheduled_job_type.run_scheduled_jo..., site='finse.localhost', user='Administrator') (finse.localhost::scheduled_job::r470gk17me)
2024-08-19 15:02:01,131 home-karthik-work-frappe-bench1:default: Job OK (finse.localhost::scheduled_job::r470gk17me)
2024-08-19 15:02:01,131 Result is kept for 600 seconds
2024-08-19 15:02:01,138 home-karthik-work-frappe-bench1:default: frappe.utils.background_jobs.execute_job(event=None, is_async=True, job_name='frappe.core.doctype.scheduled_job_type.scheduled_job_type.run_scheduled_jo..., kwargs={'job_type': 'frappe.integrations.doctype.google_calendar.google_calendar.s..., method='frappe.core.doctype.scheduled_job_type.scheduled_job_type.run_scheduled_jo..., site='finse.localhost', user='Administrator') (finse.localhost::scheduled_job::r471t2ij68)
2024-08-19 15:02:01,522 home-karthik-work-frappe-bench1:default: Job OK (finse.localhost::scheduled_job::r471t2ij68)
2024-08-19 15:02:01,522 Result is kept for 600 seconds
2024-08-19 15:02:01,529 home-karthik-work-frappe-bench1:default: frappe.utils.background_jobs.execute_job(event=None, is_async=True, job_name='frappe.core.doctype.scheduled_job_type.scheduled_job_type.run_scheduled_jo..., kwargs={'job_type': 'frappe.email.queue.flush', 'scheduled_job_type': 'r4705i74gs'..., method='frappe.core.doctype.scheduled_job_type.scheduled_job_type.run_scheduled_jo..., site='finse.localhost', user='Administrator') (finse.localhost::scheduled_job::r4705i74gs)
2024-08-19 15:02:01,829 home-karthik-work-frappe-bench1:default: Job OK (finse.localhost::scheduled_job::r4705i74gs)
2024-08-19 15:02:01,829 Result is kept for 600 seconds
2024-08-19 15:02:01,835 home-karthik-work-frappe-bench1:default: frappe.utils.background_jobs.execute_job(event=None, is_async=True, job_name='frappe.core.doctype.scheduled_job_type.scheduled_job_type.run_scheduled_jo..., kwargs={'job_type': 'frappe.desk.page.backups.backups.delete_downloadable_backups'..., method='frappe.core.doctype.scheduled_job_type.scheduled_job_type.run_scheduled_jo..., site='finse.localhost', user='Administrator') (finse.localhost::scheduled_job::r4712tr2ie)
2024-08-19 15:02:02,089 home-karthik-work-frappe-bench1:default: Job OK (finse.localhost::scheduled_job::r4712tr2ie)
2024-08-19 15:02:02,090 Result is kept for 600 seconds
2024-08-19 15:02:02,096 home-karthik-work-frappe-bench1:default: frappe.utils.background_jobs.execute_job(event=None, is_async=True, job_name='frappe.core.doctype.scheduled_job_type.scheduled_job_type.run_scheduled_jo..., kwargs={'job_type': 'frappe.model.utils.user_settings.sync_user_settings', 'schedu..., method='frappe.core.doctype.scheduled_job_type.scheduled_job_type.run_scheduled_jo..., site='finse.localhost', user='Administrator') (finse.localhost::scheduled_job::r4717gqr5q)
2024-08-19 15:02:02,350 home-karthik-work-frappe-bench1:default: Job OK (finse.localhost::scheduled_job::r4717gqr5q)
2024-08-19 15:02:02,350 Result is kept for 600 seconds
2024-08-19 15:02:02,356 home-karthik-work-frappe-bench1:default: frappe.utils.background_jobs.execute_job(event=None, is_async=True, job_name='frappe.core.doctype.scheduled_job_type.scheduled_job_type.run_scheduled_jo..., kwargs={'job_type': 'frappe.website.doctype.web_page.web_page.check_publish_status..., method='frappe.core.doctype.scheduled_job_type.scheduled_job_type.run_scheduled_jo..., site='finse.localhost', user='Administrator') (finse.localhost::scheduled_job::r470k07v85)
2024-08-19 15:02:02,635 home-karthik-work-frappe-bench1:default: Job OK (finse.localhost::scheduled_job::r470k07v85)
2024-08-19 15:02:02,635 Result is kept for 600 seconds
2024-08-19 15:02:02,643 home-karthik-work-frappe-bench1:default: frappe.utils.background_jobs.execute_job(event=None, is_async=True, job_name='frappe.core.doctype.scheduled_job_type.scheduled_job_type.run_scheduled_jo..., kwargs={'job_type': 'frappe.website.doctype.personal_data_deletion_request.persona..., method='frappe.core.doctype.scheduled_job_type.scheduled_job_type.run_scheduled_jo..., site='finse.localhost', user='Administrator') (finse.localhost::scheduled_job::r4712rb706)
2024-08-19 15:02:02,895 home-karthik-work-frappe-bench1:default: Job OK (finse.localhost::scheduled_job::r4712rb706)
2024-08-19 15:02:02,895 Result is kept for 600 seconds
2024-08-19 15:02:02,902 home-karthik-work-frappe-bench1:default: frappe.utils.background_jobs.execute_job(event=None, is_async=True, job_name='frappe.core.doctype.scheduled_job_type.scheduled_job_type.run_scheduled_jo..., kwargs={'job_type': 'frappe.twofactor.delete_all_barcodes_for_users', 'scheduled_j..., method='frappe.core.doctype.scheduled_job_type.scheduled_job_type.run_scheduled_jo..., site='finse.localhost', user='Administrator') (finse.localhost::scheduled_job::r470jiaau2)
2024-08-19 15:02:03,145 home-karthik-work-frappe-bench1:default: Job OK (finse.localhost::scheduled_job::r470jiaau2)
2024-08-19 15:02:03,145 Result is kept for 600 seconds
2024-08-19 15:02:03,151 home-karthik-work-frappe-bench1:default: frappe.utils.background_jobs.execute_job(event=None, is_async=True, job_name='frappe.core.doctype.scheduled_job_type.scheduled_job_type.run_scheduled_jo..., kwargs={'job_type': 'frappe.email.doctype.newsletter.newsletter.send_scheduled_ema..., method='frappe.core.doctype.scheduled_job_type.scheduled_job_type.run_scheduled_jo..., site='finse.localhost', user='Administrator') (finse.localhost::scheduled_job::r471ko4i86)
2024-08-19 15:02:03,432 home-karthik-work-frappe-bench1:default: Job OK (finse.localhost::scheduled_job::r471ko4i86)
2024-08-19 15:02:03,433 Result is kept for 600 seconds
2024-08-19 15:02:03,439 home-karthik-work-frappe-bench1:default: frappe.utils.background_jobs.execute_job(event=None, is_async=True, job_name='frappe.core.doctype.scheduled_job_type.scheduled_job_type.run_scheduled_jo..., kwargs={'job_type': 'frappe.deferred_insert.save_to_db', 'scheduled_job_type': 'r4..., method='frappe.core.doctype.scheduled_job_type.scheduled_job_type.run_scheduled_jo..., site='finse.localhost', user='Administrator') (finse.localhost::scheduled_job::r470d6s4fv)
2024-08-19 15:02:03,708 home-karthik-work-frappe-bench1:default: Job OK (finse.localhost::scheduled_job::r470d6s4fv)
2024-08-19 15:02:03,708 Result is kept for 600 seconds
2024-08-19 15:02:03,714 home-karthik-work-frappe-bench1:default: frappe.utils.background_jobs.execute_job(event=None, is_async=True, job_name='frappe.core.doctype.scheduled_job_type.scheduled_job_type.run_scheduled_jo..., kwargs={'job_type': 'frappe.model.utils.link_count.update_link_count', 'scheduled_..., method='frappe.core.doctype.scheduled_job_type.scheduled_job_type.run_scheduled_jo..., site='finse.localhost', user='Administrator') (finse.localhost::scheduled_job::r47190urdd)
2024-08-19 15:02:03,973 home-karthik-work-frappe-bench1:default: Job OK (finse.localhost::scheduled_job::r47190urdd)
2024-08-19 15:02:03,973 Result is kept for 600 seconds
2024-08-19 15:02:03,979 home-karthik-work-frappe-bench1:default: frappe.utils.background_jobs.execute_job(event=None, is_async=True, job_name='frappe.core.doctype.scheduled_job_type.scheduled_job_type.run_scheduled_jo..., kwargs={'job_type': 'frappe.utils.global_search.sync_global_search', 'scheduled_jo..., method='frappe.core.doctype.scheduled_job_type.scheduled_job_type.run_scheduled_jo..., site='finse.localhost', user='Administrator') (finse.localhost::scheduled_job::r470g7rv4u)
2024-08-19 15:02:04,223 home-karthik-work-frappe-bench1:default: Job OK (finse.localhost::scheduled_job::r470g7rv4u)
2024-08-19 15:02:04,224 Result is kept for 600 seconds
2024-08-19 15:02:04,230 home-karthik-work-frappe-bench1:default: frappe.utils.background_jobs.execute_job(event=None, is_async=True, job_name='frappe.core.doctype.scheduled_job_type.scheduled_job_type.run_scheduled_jo..., kwargs={'job_type': 'frappe.monitor.flush', 'scheduled_job_type': 'r470s1snmm'}, method='frappe.core.doctype.scheduled_job_type.scheduled_job_type.run_scheduled_jo..., site='finse.localhost', user='Administrator') (finse.localhost::scheduled_job::r470s1snmm)
2024-08-19 15:02:04,478 home-karthik-work-frappe-bench1:default: Job OK (finse.localhost::scheduled_job::r470s1snmm)
2024-08-19 15:02:04,479 Result is kept for 600 seconds
2024-08-19 15:02:04,485 home-karthik-work-frappe-bench1:default: frappe.utils.background_jobs.execute_job(event=None, is_async=True, job_name='frappe.core.doctype.scheduled_job_type.scheduled_job_type.run_scheduled_jo..., kwargs={'job_type': 'frappe.desk.form.document_follow.send_hourly_updates', 'sched..., method='frappe.core.doctype.scheduled_job_type.scheduled_job_type.run_scheduled_jo..., site='finse.localhost', user='Administrator') (finse.localhost::scheduled_job::r4719otv9s)
2024-08-19 15:02:04,732 home-karthik-work-frappe-bench1:default: Job OK (finse.localhost::scheduled_job::r4719otv9s)
2024-08-19 15:02:04,732 Result is kept for 600 seconds
2024-08-19 15:02:04,738 home-karthik-work-frappe-bench1:default: frappe.utils.background_jobs.execute_job(event=None, is_async=True, job_name='frappe.core.doctype.scheduled_job_type.scheduled_job_type.run_scheduled_jo..., kwargs={'job_type': 'frappe.automation.doctype.reminder.reminder.send_reminders', ..., method='frappe.core.doctype.scheduled_job_type.scheduled_job_type.run_scheduled_jo..., site='finse.localhost', user='Administrator') (finse.localhost::scheduled_job::r470v6b642)
2024-08-19 15:02:04,978 home-karthik-work-frappe-bench1:default: Job OK (finse.localhost::scheduled_job::r470v6b642)
2024-08-19 15:02:04,978 Result is kept for 600 seconds
2024-08-19 15:02:04,984 home-karthik-work-frappe-bench1:default: frappe.utils.background_jobs.execute_job(event=None, is_async=True, job_name='frappe.core.doctype.scheduled_job_type.scheduled_job_type.run_scheduled_jo..., kwargs={'job_type': 'frappe.email.doctype.email_account.email_account.pull', 'sche..., method='frappe.core.doctype.scheduled_job_type.scheduled_job_type.run_scheduled_jo..., site='finse.localhost', user='Administrator') (finse.localhost::scheduled_job::r470rn383n)
2024-08-19 15:02:05,236 home-karthik-work-frappe-bench1:default: Job OK (finse.localhost::scheduled_job::r470rn383n)
2024-08-19 15:02:05,236 Result is kept for 600 seconds
2024-08-19 15:06:00,812 home-karthik-work-frappe-bench1:default: frappe.utils.background_jobs.execute_job(event=None, is_async=True, job_name='frappe.core.doctype.scheduled_job_type.scheduled_job_type.run_scheduled_jo..., kwargs={'job_type': 'frappe.monitor.flush', 'scheduled_job_type': 'r470s1snmm'}, method='frappe.core.doctype.scheduled_job_type.scheduled_job_type.run_scheduled_jo..., site='finse.localhost', user='Administrator') (finse.localhost::scheduled_job::r470s1snmm)
2024-08-19 15:06:01,089 home-karthik-work-frappe-bench1:default: Job OK (finse.localhost::scheduled_job::r470s1snmm)
2024-08-19 15:06:01,090 Result is kept for 600 seconds
2024-08-19 15:06:01,098 home-karthik-work-frappe-bench1:default: frappe.utils.background_jobs.execute_job(event=None, is_async=True, job_name='frappe.core.doctype.scheduled_job_type.scheduled_job_type.run_scheduled_jo..., kwargs={'job_type': 'frappe.email.queue.flush', 'scheduled_job_type': 'r4705i74gs'..., method='frappe.core.doctype.scheduled_job_type.scheduled_job_type.run_scheduled_jo..., site='finse.localhost', user='Administrator') (finse.localhost::scheduled_job::r4705i74gs)
2024-08-19 15:06:01,453 home-karthik-work-frappe-bench1:default: Job OK (finse.localhost::scheduled_job::r4705i74gs)
2024-08-19 15:06:01,453 Result is kept for 600 seconds
2024-08-19 15:06:01,463 home-karthik-work-frappe-bench1:default: frappe.utils.background_jobs.execute_job(event=None, is_async=True, job_name='frappe.core.doctype.scheduled_job_type.scheduled_job_type.run_scheduled_jo..., kwargs={'job_type': 'frappe.automation.doctype.reminder.reminder.send_reminders', ..., method='frappe.core.doctype.scheduled_job_type.scheduled_job_type.run_scheduled_jo..., site='finse.localhost', user='Administrator') (finse.localhost::scheduled_job::r470v6b642)
2024-08-19 15:06:01,752 home-karthik-work-frappe-bench1:default: Job OK (finse.localhost::scheduled_job::r470v6b642)
2024-08-19 15:06:01,752 Result is kept for 600 seconds
2024-08-19 15:10:01,015 home-karthik-work-frappe-bench1:default: frappe.utils.background_jobs.execute_job(event=None, is_async=True, job_name='frappe.core.doctype.scheduled_job_type.scheduled_job_type.run_scheduled_jo..., kwargs={'job_type': 'frappe.email.doctype.email_account.email_account.pull', 'sche..., method='frappe.core.doctype.scheduled_job_type.scheduled_job_type.run_scheduled_jo..., site='finse.localhost', user='Administrator') (finse.localhost::scheduled_job::r470rn383n)
2024-08-19 15:10:01,256 home-karthik-work-frappe-bench1:default: Job OK (finse.localhost::scheduled_job::r470rn383n)
2024-08-19 15:10:01,256 Result is kept for 600 seconds
2024-08-19 15:10:01,261 Cleaning registries for queue: home-karthik-work-frappe-bench1:short
2024-08-19 15:10:01,262 Cleaning registries for queue: home-karthik-work-frappe-bench1:default
2024-08-19 15:10:01,262 Cleaning registries for queue: home-karthik-work-frappe-bench1:long
2024-08-19 15:10:01,263 home-karthik-work-frappe-bench1:default: frappe.utils.background_jobs.execute_job(event=None, is_async=True, job_name='frappe.core.doctype.scheduled_job_type.scheduled_job_type.run_scheduled_jo..., kwargs={'job_type': 'frappe.monitor.flush', 'scheduled_job_type': 'r470s1snmm'}, method='frappe.core.doctype.scheduled_job_type.scheduled_job_type.run_scheduled_jo..., site='finse.localhost', user='Administrator') (finse.localhost::scheduled_job::r470s1snmm)
2024-08-19 15:10:01,492 home-karthik-work-frappe-bench1:default: Job OK (finse.localhost::scheduled_job::r470s1snmm)
2024-08-19 15:10:01,493 Result is kept for 600 seconds
2024-08-19 15:10:01,498 home-karthik-work-frappe-bench1:default: frappe.utils.background_jobs.execute_job(event=None, is_async=True, job_name='frappe.core.doctype.scheduled_job_type.scheduled_job_type.run_scheduled_jo..., kwargs={'job_type': 'frappe.email.queue.flush', 'scheduled_job_type': 'r4705i74gs'..., method='frappe.core.doctype.scheduled_job_type.scheduled_job_type.run_scheduled_jo..., site='finse.localhost', user='Administrator') (finse.localhost::scheduled_job::r4705i74gs)
2024-08-19 15:10:01,796 home-karthik-work-frappe-bench1:default: Job OK (finse.localhost::scheduled_job::r4705i74gs)
2024-08-19 15:10:01,796 Result is kept for 600 seconds
2024-08-19 15:10:01,805 home-karthik-work-frappe-bench1:default: frappe.utils.background_jobs.execute_job(event=None, is_async=True, job_name='frappe.core.doctype.scheduled_job_type.scheduled_job_type.run_scheduled_jo..., kwargs={'job_type': 'frappe.automation.doctype.reminder.reminder.send_reminders', ..., method='frappe.core.doctype.scheduled_job_type.scheduled_job_type.run_scheduled_jo..., site='finse.localhost', user='Administrator') (finse.localhost::scheduled_job::r470v6b642)
2024-08-19 15:10:02,074 home-karthik-work-frappe-bench1:default: Job OK (finse.localhost::scheduled_job::r470v6b642)
2024-08-19 15:10:02,074 Result is kept for 600 seconds
